SF:src\app\_main\_main.module.ts
DA:83,19
DA:224,41
DA:228,67
DA:229,67
BRDA:224,0,0,40
BRDA:224,0,1,40
end_of_record
SF:src\app\_main\classes\color\color.utils.ts
end_of_record
SF:src\app\_main\classes\control-accessor.class.ts
DA:18,19
DA:25,85
DA:32,4414
DA:37,4414
DA:42,16
DA:50,85
DA:56,13592
DA:64,85
DA:71,85
DA:74,85
DA:78,2
DA:83,0
DA:88,2
DA:95,85
DA:98,85
DA:101,85
DA:104,85
DA:114,85
DA:115,85
DA:117,85
DA:121,77
DA:126,77
DA:127,70
DA:128,70
DA:129,70
DA:131,70
DA:134,77
DA:135,70
DA:138,7
DA:139,7
DA:140,0
DA:142,0
DA:143,0
DA:153,70
DA:155,57
DA:156,52
DA:157,52
DA:158,52
DA:160,0
DA:167,707
DA:168,70
DA:173,707
DA:174,322
DA:175,322
DA:180,322
DA:185,70
DA:187,6
DA:188,8
DA:190,6
DA:191,2
DA:192,2
DA:194,0
DA:197,6
DA:198,6
DA:199,4
DA:202,6
DA:206,707
DA:207,707
DA:208,707
DA:220,76
DA:221,76
DA:244,2
DA:253,31
DA:258,52
DA:263,0
DA:268,707
DA:269,707
DA:271,707
DA:273,1694
DA:275,70
DA:281,55
DA:282,55
DA:283,55
BRDA:37,0,0,4414
BRDA:37,0,1,420
BRDA:37,1,0,420
BRDA:37,1,1,3994
BRDA:37,2,0,4414
BRDA:37,2,1,4002
BRDA:37,3,0,0
BRDA:37,3,1,4414
BRDA:37,4,0,4414
BRDA:37,4,1,4414
BRDA:42,5,0,0
BRDA:42,5,1,16
BRDA:42,6,0,16
BRDA:42,6,1,16
BRDA:56,7,0,13592
BRDA:56,7,1,24
BRDA:56,8,0,0
BRDA:56,8,1,13592
BRDA:56,9,0,13592
BRDA:56,9,1,13592
BRDA:134,10,0,70
BRDA:153,11,0,13
BRDA:156,12,0,52
BRDA:156,12,1,0
BRDA:173,13,0,385
BRDA:185,14,0,64
BRDA:185,15,0,70
BRDA:185,15,1,70
BRDA:188,16,0,0
BRDA:188,16,1,8
BRDA:188,17,0,8
BRDA:188,17,1,8
BRDA:191,18,0,2
BRDA:191,18,1,0
BRDA:192,19,0,0
BRDA:192,19,1,2
BRDA:192,20,0,2
BRDA:192,20,1,2
BRDA:194,21,0,0
BRDA:194,21,1,0
BRDA:194,22,0,0
BRDA:194,22,1,0
BRDA:198,23,0,4
BRDA:199,24,0,0
BRDA:199,24,1,4
BRDA:199,25,0,4
BRDA:199,25,1,4
BRDA:271,26,0,70
BRDA:272,27,0,707
BRDA:272,27,1,637
BRDA:134,10,1,0
BRDA:153,11,1,38
BRDA:173,13,1,299
BRDA:185,14,1,3
BRDA:198,23,1,0
BRDA:271,26,1,594
BRDA:18,28,0,12
BRDA:18,28,1,0
end_of_record
SF:src\app\_main\classes\dialog-ref.class.ts
DA:9,10
DA:12,10
DA:15,10
DA:18,10
DA:25,2
DA:26,2
DA:27,2
DA:28,2
DA:30,2
DA:31,2
DA:32,2
DA:33,2
DA:40,1
DA:41,1
DA:48,1
DA:55,1
DA:62,1
DA:69,1
DA:77,1
DA:86,1
DA:91,1
DA:96,1
DA:101,3
end_of_record
SF:src\app\_main\classes\e-set.class.ts
DA:5,2
DA:6,1
DA:8,1
BRDA:5,0,0,1
BRDA:5,0,1,1
end_of_record
SF:src\app\_main\classes\enum.class.ts
DA:13,21
DA:29,9
DA:45,2
DA:46,1
DA:49,1
DA:50,6
DA:51,3
DA:67,2
DA:68,1
DA:71,1
DA:72,6
DA:73,3
BRDA:29,0,0,9
BRDA:29,0,1,6
BRDA:45,1,0,1
BRDA:67,2,0,1
BRDA:45,1,1,0
BRDA:67,2,1,0
end_of_record
SF:src\app\_main\classes\filters.class.ts
DA:9,1
DA:18,0
DA:19,0
DA:21,0
DA:22,0
DA:29,0
DA:32,0
DA:38,0
DA:40,0
BRDA:19,0,0,0
BRDA:22,1,0,0
BRDA:22,1,1,0
BRDA:36,2,0,0
BRDA:36,2,1,0
BRDA:38,3,0,0
end_of_record
SF:src\app\_main\classes\form.class.ts
DA:7,2
DA:8,2
DA:9,2
DA:14,0
DA:15,0
DA:16,0
DA:30,0
DA:32,0
DA:35,0
DA:38,0
DA:39,0
DA:40,0
DA:43,0
DA:46,0
DA:49,0
DA:50,0
DA:51,0
end_of_record
SF:src\app\_main\classes\is-api-file.class.ts
DA:5,0
BRDA:5,0,0,0
BRDA:5,0,1,0
BRDA:5,0,2,0
BRDA:5,0,3,0
BRDA:5,0,4,0
end_of_record
SF:src\app\_main\classes\loader\loader-options.interface.ts
end_of_record
SF:src\app\_main\classes\loader\loader.class.ts
DA:6,662
DA:9,12
DA:12,12
DA:16,12
DA:19,9
DA:21,9
DA:22,9
DA:25,9
DA:26,9
DA:27,0
DA:28,0
DA:35,12
DA:37,9
DA:38,7
DA:39,7
DA:40,7
DA:41,7
DA:45,9
DA:48,9
DA:49,5
DA:50,3
DA:53,4
BRDA:16,0,0,12
BRDA:19,1,0,0
BRDA:25,2,0,9
BRDA:27,3,0,0
BRDA:35,4,0,3
BRDA:40,5,0,7
BRDA:45,6,0,9
BRDA:45,6,1,0
BRDA:45,7,0,0
BRDA:45,7,1,9
BRDA:45,8,0,9
BRDA:45,8,1,9
BRDA:46,9,0,9
BRDA:46,9,1,0
BRDA:46,10,0,0
BRDA:46,10,1,9
BRDA:46,11,0,9
BRDA:46,11,1,9
BRDA:48,12,0,5
BRDA:48,12,1,4
BRDA:19,1,1,8
BRDA:25,2,1,0
BRDA:27,3,1,0
BRDA:35,4,1,8
BRDA:40,5,1,0
end_of_record
SF:src\app\_main\classes\monaco-extended.class.ts
end_of_record
SF:src\app\_main\classes\persistent-map.class.ts
DA:7,0
DA:8,0
DA:12,0
DA:13,0
DA:14,0
DA:18,0
DA:19,0
DA:20,0
DA:24,0
DA:27,1
DA:33,1
DA:39,1
DA:40,0
DA:41,0
DA:44,1
BRDA:34,0,0,0
BRDA:34,0,1,1
BRDA:34,1,0,1
BRDA:34,1,1,1
BRDA:39,2,0,0
BRDA:39,2,1,0
end_of_record
SF:src\app\_main\classes\random.class.ts
DA:3,5
DA:4,5
DA:5,5
DA:12,5
DA:13,5
DA:21,5
DA:22,5
DA:23,5
DA:24,5
DA:25,5
DA:35,0
DA:36,0
DA:38,0
DA:39,0
DA:40,0
DA:42,0
DA:52,0
BRDA:11,0,0,1
BRDA:38,1,0,0
BRDA:38,1,1,0
end_of_record
SF:src\app\_main\classes\time-to-interaction.class.ts
DA:4,0
DA:6,0
DA:10,0
DA:14,0
DA:17,0
DA:18,0
DA:23,0
BRDA:3,0,0,0
end_of_record
SF:src\app\_main\classes\util\is-class.ts
DA:6,184
DA:23,161
DA:27,161
DA:29,161
BRDA:6,0,0,23
BRDA:27,1,0,0
BRDA:6,0,1,126
BRDA:27,1,1,126
end_of_record
SF:src\app\_main\classes\util\utils.class.ts
DA:17,37
DA:18,37
DA:27,2842
DA:30,24154
DA:31,4261
DA:32,1422
DA:34,2839
DA:37,19893
DA:50,2
DA:51,4
DA:52,1
DA:55,1
DA:64,24163
DA:65,24162
DA:75,4
DA:76,3
DA:77,2
DA:78,1
DA:80,1
DA:83,1
BRDA:16,0,0,37
BRDA:18,1,0,36
BRDA:18,1,1,1
BRDA:30,2,0,4261
BRDA:30,2,1,19893
BRDA:30,3,0,24154
BRDA:30,3,1,24153
BRDA:31,4,0,1422
BRDA:31,4,1,2839
BRDA:51,5,0,1
BRDA:64,6,0,1
BRDA:65,7,0,24162
BRDA:65,7,1,24159
BRDA:65,7,2,19899
BRDA:65,7,3,19894
BRDA:75,8,0,1
BRDA:76,9,0,2
BRDA:76,9,1,1
BRDA:76,10,0,3
BRDA:76,10,1,3
BRDA:77,11,0,1
BRDA:77,11,1,1
BRDA:51,5,1,0
BRDA:64,6,1,24086
BRDA:75,8,1,0
end_of_record
SF:src\app\_main\components\button\button.component.html
DA:1,7548
DA:3,15096
DA:4,15096
DA:5,15096
DA:6,89
DA:7,89
DA:8,89
DA:9,89
end_of_record
SF:src\app\_main\components\button\button.component.ts
DA:12,90
DA:16,117
DA:21,117
DA:28,117
DA:33,117
DA:49,3
DA:50,3
BRDA:12,0,0,89
BRDA:12,0,1,89
end_of_record
SF:src\app\_main\components\button\button.stories.ts
end_of_record
SF:src\app\_main\components\card\card.component.html
DA:1,0
DA:2,0
DA:3,0
DA:4,0
DA:5,0
end_of_record
SF:src\app\_main\components\card\card.component.ts
DA:11,37
BRDA:11,0,0,0
BRDA:11,0,1,0
end_of_record
SF:src\app\_main\components\card\card.stories.ts
end_of_record
SF:src\app\_main\components\checkbox\checkbox.component.html
DA:1,754
DA:2,6
DA:3,6
DA:4,1514
end_of_record
SF:src\app\_main\components\checkbox\checkbox.component.ts
DA:12,37
BRDA:12,0,0,6
BRDA:12,0,1,6
BRDA:12,1,0,6
BRDA:12,1,1,6
end_of_record
SF:src\app\_main\components\checkbox\checkbox.stories.ts
end_of_record
SF:src\app\_main\components\color\color.component.html
DA:1,1080
DA:2,2169
end_of_record
SF:src\app\_main\components\color\color.component.ts
DA:13,37
DA:18,9
DA:19,9
DA:22,0
DA:26,9
DA:29,9
DA:35,2160
BRDA:13,0,0,9
BRDA:13,0,1,9
end_of_record
SF:src\app\_main\components\dialog-outlet\dialog-outlet.component.html
DA:1,15
DA:2,15
DA:3,15
end_of_record
SF:src\app\_main\components\dialog-outlet\dialog-outlet.component.ts
DA:16,37
DA:24,15
DA:28,16
DA:30,16
DA:39,0
DA:40,0
DA:42,0
DA:46,0
DA:49,0
DA:50,0
DA:59,0
DA:60,0
DA:61,0
DA:63,0
DA:70,0
DA:71,0
DA:72,0
DA:73,0
DA:84,0
DA:97,0
DA:104,0
DA:18,15
BRDA:16,0,0,15
BRDA:16,0,1,15
end_of_record
SF:src\app\_main\components\filters\filter-channel.model.ts
DA:6,16
DA:15,16
DA:16,16
DA:17,16
DA:19,16
DA:23,16
DA:24,0
DA:27,0
DA:30,0
DA:32,0
DA:37,16
DA:38,0
DA:43,16
DA:45,16
end_of_record
SF:src\app\_main\components\filters\filter-entry.type.ts
end_of_record
SF:src\app\_main\components\filters\filters.component.html
DA:1,0
DA:3,0
DA:4,0
DA:6,0
DA:7,0
DA:8,0
end_of_record
SF:src\app\_main\components\filters\filters.component.ts
DA:13,37
DA:18,0
DA:19,0
DA:20,0
DA:22,0
DA:28,0
DA:32,0
DA:33,0
DA:35,0
BRDA:13,0,0,0
BRDA:13,0,1,0
BRDA:13,1,0,0
BRDA:13,1,1,0
end_of_record
SF:src\app\_main\components\icon\icon.component.html
DA:1,28878
DA:2,57756
DA:3,52088
DA:4,266
DA:5,57756
DA:6,0
DA:7,0
DA:8,57756
DA:9,0
DA:10,0
DA:11,57756
DA:12,2859
DA:13,19
DA:14,57756
DA:15,2828
DA:21,15
DA:22,300
DA:23,0
DA:24,0
DA:25,300
end_of_record
SF:src\app\_main\components\icon\icon.component.ts
DA:14,301
DA:19,324
DA:36,321
DA:38,321
DA:39,35
DA:41,35
DA:42,35
DA:44,286
DA:45,286
DA:53,2
DA:60,28936
DA:67,28936
DA:74,26098
DA:75,12
DA:77,26086
DA:84,28936
DA:95,324
DA:100,324
DA:105,324
DA:114,2839
BRDA:38,0,0,35
BRDA:38,0,1,286
BRDA:74,1,0,12
BRDA:74,1,1,26044
BRDA:14,2,0,300
BRDA:14,2,1,300
end_of_record
SF:src\app\_main\components\input-color\input-color.component.html
DA:1,0
DA:2,0
DA:3,0
end_of_record
SF:src\app\_main\components\input-color\input-color.component.ts
DA:18,19
DA:22,0
DA:23,0
DA:28,0
DA:29,0
DA:30,0
DA:32,0
DA:33,0
DA:36,0
DA:37,0
DA:38,0
DA:39,0
DA:41,0
DA:44,0
DA:47,0
DA:48,0
DA:49,0
DA:51,0
DA:52,0
DA:53,0
DA:54,0
DA:55,0
DA:56,0
DA:57,0
BRDA:28,0,0,0
BRDA:28,0,1,0
BRDA:52,1,0,0
BRDA:52,1,1,0
BRDA:18,2,0,0
BRDA:18,2,1,0
BRDA:18,3,0,0
BRDA:18,3,1,0
end_of_record
SF:src\app\_main\components\input-date-time\date-picker.model.ts
end_of_record
SF:src\app\_main\components\input-date-time\date-picker\date-picker.component.html
DA:1,0
DA:3,0
DA:4,0
DA:5,0
DA:6,0
DA:7,0
DA:8,0
DA:9,0
DA:10,0
DA:11,0
DA:12,0
DA:13,0
DA:14,0
DA:16,0
DA:18,0
DA:19,0
DA:20,0
DA:21,0
DA:22,0
DA:24,0
DA:26,0
DA:27,0
DA:29,0
DA:30,0
DA:32,0
BRDA:24,0,0,0
BRDA:24,0,1,0
end_of_record
SF:src\app\_main\components\input-date-time\date-picker\date-picker.component.ts
DA:13,37
DA:14,0
DA:15,0
DA:17,0
DA:18,0
DA:20,0
DA:21,0
DA:26,0
DA:27,0
DA:29,0
DA:32,0
DA:33,0
DA:34,0
DA:36,0
DA:39,0
DA:41,0
DA:42,0
DA:43,0
DA:44,0
DA:54,0
DA:56,0
DA:60,0
DA:64,0
DA:65,0
DA:69,0
DA:70,0
DA:74,0
DA:75,0
DA:77,0
DA:81,0
DA:82,0
DA:83,0
DA:85,0
DA:89,0
DA:90,0
DA:91,0
DA:92,0
DA:95,0
DA:96,0
DA:98,0
DA:102,0
DA:103,0
DA:104,0
DA:109,0
DA:111,0
DA:112,0
DA:114,0
BRDA:17,0,0,0
BRDA:17,0,1,0
BRDA:47,1,0,0
BRDA:47,1,1,0
BRDA:51,2,0,0
BRDA:51,2,1,0
BRDA:81,3,0,0
BRDA:81,3,1,0
BRDA:89,4,0,0
BRDA:89,4,1,0
BRDA:91,5,0,0
BRDA:102,6,0,0
BRDA:111,7,0,0
BRDA:111,8,0,0
BRDA:111,8,1,0
BRDA:91,5,1,0
BRDA:102,6,1,0
BRDA:111,7,1,0
BRDA:13,9,0,0
BRDA:13,9,1,0
BRDA:13,10,0,0
BRDA:13,10,1,0
BRDA:13,11,0,0
BRDA:13,11,1,0
end_of_record
SF:src\app\_main\components\input-date-time\date-time-picker\date-time-picker.component.html
DA:1,0
DA:3,0
DA:4,0
DA:5,0
DA:6,0
DA:7,0
DA:8,0
DA:9,0
DA:10,0
DA:11,0
end_of_record
SF:src\app\_main\components\input-date-time\date-time-picker\date-time-picker.component.ts
DA:11,37
BRDA:11,0,0,0
BRDA:11,0,1,0
BRDA:11,1,0,0
BRDA:11,1,1,0
end_of_record
SF:src\app\_main\components\input-date-time\input-date-time.component.html
DA:1,0
DA:3,0
DA:4,0
DA:5,0
DA:6,0
DA:9,0
DA:12,0
DA:13,0
DA:14,0
BRDA:9,0,0,0
BRDA:9,0,1,0
end_of_record
SF:src\app\_main\components\input-date-time\input-date-time.component.ts
DA:19,19
DA:23,1
DA:35,1
DA:37,1
DA:40,1
DA:42,1
DA:44,1
DA:46,1
DA:47,1
DA:51,1
DA:53,1
DA:55,0
DA:56,0
DA:60,0
DA:65,0
DA:69,0
DA:76,0
DA:80,0
DA:81,0
DA:82,0
DA:87,0
DA:91,0
DA:93,0
DA:94,0
DA:99,1
DA:100,0
DA:104,0
DA:105,0
DA:106,0
DA:107,0
DA:32,0
BRDA:42,0,0,0
BRDA:42,0,1,1
BRDA:42,1,0,1
BRDA:42,1,1,1
BRDA:70,2,0,0
BRDA:70,2,1,0
BRDA:70,2,2,0
BRDA:70,2,3,0
BRDA:93,3,0,0
BRDA:99,4,0,1
BRDA:106,5,0,0
BRDA:93,3,1,0
BRDA:99,4,1,0
BRDA:106,5,1,0
BRDA:19,6,0,0
BRDA:19,6,1,0
end_of_record
SF:src\app\_main\components\input-date-time\input-date-time.stories.ts
end_of_record
SF:src\app\_main\components\input-date-time\time-picker\time-picker.component.html
DA:1,0
DA:3,0
DA:4,0
DA:5,0
DA:6,0
DA:7,0
DA:8,0
DA:9,0
DA:10,0
DA:12,0
DA:13,0
DA:14,0
DA:15,0
DA:16,0
DA:17,0
DA:18,0
DA:19,0
DA:20,0
DA:21,0
end_of_record
SF:src\app\_main\components\input-date-time\time-picker\time-picker.component.ts
DA:13,37
DA:14,0
DA:17,0
DA:20,0
DA:22,0
DA:25,0
DA:27,0
DA:28,0
DA:30,0
DA:34,0
DA:35,0
DA:38,0
DA:43,0
DA:47,0
DA:48,0
DA:52,0
DA:53,0
DA:57,0
DA:58,0
DA:62,0
DA:63,0
DA:67,0
DA:68,0
DA:69,0
DA:71,0
DA:75,0
DA:76,0
DA:77,0
DA:81,0
DA:82,0
DA:83,0
DA:87,0
DA:88,0
DA:93,0
DA:94,0
DA:95,0
BRDA:14,0,0,0
BRDA:14,0,1,0
BRDA:67,1,0,0
BRDA:67,1,1,0
BRDA:75,2,0,0
BRDA:75,2,1,0
BRDA:75,3,0,0
BRDA:75,3,1,0
BRDA:81,4,0,0
BRDA:81,4,1,0
BRDA:81,5,0,0
BRDA:81,5,1,0
BRDA:87,6,0,0
BRDA:94,7,0,0
BRDA:87,6,1,0
BRDA:94,7,1,0
BRDA:13,8,0,0
BRDA:13,8,1,0
BRDA:13,9,0,0
BRDA:13,9,1,0
end_of_record
SF:src\app\_main\components\input-file\input-file.component.html
DA:1,398
DA:2,3
DA:3,3
DA:4,796
DA:6,6
DA:8,796
DA:9,3
DA:11,796
end_of_record
SF:src\app\_main\components\input-file\input-file.component.ts
DA:11,37
DA:19,3
DA:22,3
DA:25,3
DA:28,0
DA:30,0
DA:32,0
DA:33,0
DA:34,0
DA:35,0
DA:36,0
DA:41,0
DA:45,0
DA:46,0
DA:50,3
DA:52,3
DA:53,0
DA:55,3
BRDA:30,0,0,0
BRDA:33,1,0,0
BRDA:33,2,0,0
BRDA:33,2,1,0
BRDA:35,3,0,0
BRDA:35,3,1,0
BRDA:35,4,0,0
BRDA:35,4,1,0
BRDA:46,5,0,0
BRDA:46,5,1,0
BRDA:46,6,0,0
BRDA:46,6,1,0
BRDA:52,7,0,0
BRDA:52,7,1,3
BRDA:30,0,1,0
BRDA:33,1,1,0
BRDA:11,8,0,3
BRDA:11,8,1,3
BRDA:11,9,0,3
BRDA:11,9,1,3
end_of_record
SF:src\app\_main\components\input\input.component.html
DA:1,3612
DA:3,7224
DA:4,32
DA:7,32
DA:8,32
DA:10,32
DA:11,7256
DA:12,32
DA:13,32
DA:14,7224
DA:15,0
DA:16,0
DA:17,32
DA:18,32
DA:20,32
DA:21,3612
DA:22,56
DA:23,7224
DA:24,32
DA:25,32
DA:26,32
DA:28,7224
DA:29,46
DA:30,2
DA:31,32
BRDA:1,0,0,3612
BRDA:1,0,1,1665
BRDA:23,1,0,3612
BRDA:23,1,1,0
BRDA:28,2,0,3612
BRDA:28,2,1,896
end_of_record
SF:src\app\_main\components\input\input.component.ts
DA:25,37
DA:27,51
DA:36,51
DA:51,51
DA:55,51
DA:58,51
DA:64,51
DA:67,51
DA:68,51
DA:71,51
DA:75,51
DA:76,0
DA:82,24
DA:83,24
DA:88,24
DA:89,24
DA:93,56
DA:94,56
DA:98,291
DA:99,0
DA:101,291
BRDA:98,0,0,0
BRDA:99,1,0,0
BRDA:99,1,1,0
BRDA:98,0,1,273
BRDA:25,2,0,32
BRDA:25,2,1,32
end_of_record
SF:src\app\_main\components\input\input.stories.ts
end_of_record
SF:src\app\_main\components\loader\loader.component.html
DA:1,0
end_of_record
SF:src\app\_main\components\loader\loader.component.ts
DA:8,37
DA:9,0
BRDA:8,0,0,0
BRDA:8,0,1,0
end_of_record
SF:src\app\_main\components\main-view\main-view.component.html
DA:1,1414
DA:3,15
DA:4,2828
DA:6,15
DA:8,15
DA:10,15
DA:11,15
DA:13,2828
DA:14,15
end_of_record
SF:src\app\_main\components\main-view\main-view.component.ts
DA:11,37
DA:12,16
DA:14,16
DA:16,16
DA:18,16
DA:21,16
DA:22,16
BRDA:11,0,0,15
BRDA:11,0,1,15
end_of_record
SF:src\app\_main\components\nav-element-workspace\nav-element-workspace.component.html
DA:1,0
DA:3,0
DA:4,0
DA:5,0
DA:6,0
DA:7,0
DA:9,0
DA:11,0
DA:12,0
DA:14,0
DA:15,0
DA:16,0
DA:18,0
DA:19,0
DA:21,0
DA:22,0
DA:24,0
DA:25,0
DA:29,0
DA:30,0
DA:31,0
DA:34,0
DA:36,0
DA:37,0
DA:38,0
DA:39,0
DA:40,0
DA:43,0
DA:45,0
DA:46,0
DA:47,0
DA:48,0
DA:50,0
DA:51,0
DA:52,0
DA:54,0
DA:55,0
DA:56,0
DA:58,0
DA:59,0
DA:61,0
DA:62,0
DA:68,0
DA:69,0
DA:70,0
DA:72,0
DA:74,0
DA:75,0
BRDA:4,0,0,0
BRDA:4,0,1,0
BRDA:34,1,0,0
BRDA:34,1,1,0
BRDA:68,2,0,0
BRDA:68,2,1,0
end_of_record
SF:src\app\_main\components\nav-element-workspace\nav-element-workspace.component.ts
DA:16,37
DA:19,1
DA:21,1
DA:24,1
DA:27,1
DA:29,1
DA:31,1
DA:36,1
DA:37,1
DA:38,1
DA:39,1
DA:43,0
DA:46,0
DA:49,0
DA:50,0
DA:52,0
DA:57,1
DA:58,1
DA:63,0
DA:65,0
DA:69,0
DA:71,0
DA:75,0
DA:78,0
DA:83,0
DA:85,0
DA:89,0
DA:90,0
DA:91,0
DA:97,0
DA:99,0
DA:103,0
DA:104,0
DA:105,0
DA:111,0
DA:115,0
DA:122,0
BRDA:49,0,0,0
BRDA:49,0,1,0
BRDA:58,1,0,0
BRDA:58,1,1,1
BRDA:58,2,0,1
BRDA:58,2,1,1
BRDA:58,3,0,0
BRDA:58,3,1,1
BRDA:58,4,0,1
BRDA:58,4,1,1
BRDA:58,5,0,0
BRDA:58,5,1,1
BRDA:58,6,0,1
BRDA:58,6,1,1
BRDA:16,7,0,0
BRDA:16,7,1,0
end_of_record
SF:src\app\_main\components\nav-element\nav-element.component.html
DA:1,0
DA:2,0
DA:3,0
DA:4,0
DA:5,0
DA:6,0
DA:8,0
DA:9,0
DA:11,0
DA:13,0
DA:14,0
DA:15,0
DA:17,0
DA:18,0
DA:19,0
DA:22,0
DA:23,0
DA:24,0
end_of_record
SF:src\app\_main\components\nav-element\nav-element.component.ts
DA:11,37
DA:18,1
DA:20,1
DA:22,1
DA:26,1
DA:31,0
DA:33,0
DA:34,0
DA:35,0
DA:39,0
DA:41,0
DA:42,0
DA:43,0
DA:47,0
DA:48,0
DA:50,0
DA:55,1
DA:56,1
DA:57,1
BRDA:47,0,0,0
BRDA:47,0,1,0
BRDA:57,1,0,0
BRDA:57,1,1,1
BRDA:57,2,0,1
BRDA:57,2,1,1
BRDA:11,3,0,0
BRDA:11,3,1,0
end_of_record
SF:src\app\_main\components\pill\pill.component.html
DA:1,0
end_of_record
SF:src\app\_main\components\pill\pill.component.ts
DA:8,37
DA:9,0
BRDA:8,0,0,0
BRDA:8,0,1,0
end_of_record
SF:src\app\_main\components\select\empty-options\empty-options.component.html
DA:1,0
DA:2,0
DA:3,0
end_of_record
SF:src\app\_main\components\select\empty-options\empty-options.component.ts
DA:8,37
DA:9,0
DA:12,0
DA:16,0
BRDA:8,0,0,0
BRDA:8,0,1,0
end_of_record
SF:src\app\_main\components\select\option\option.component.html
DA:1,3
DA:2,796
DA:3,3
DA:4,3
DA:5,796
BRDA:5,0,0,398
BRDA:5,0,1,0
end_of_record
SF:src\app\_main\components\select\option\option.component.ts
DA:9,37
DA:15,18
DA:17,18
DA:20,5
DA:23,5
DA:26,18
BRDA:20,0,0,0
BRDA:20,0,1,5
BRDA:9,1,0,3
BRDA:9,1,1,3
end_of_record
SF:src\app\_main\components\select\select-label.model.ts
end_of_record
SF:src\app\_main\components\select\select.component.html
DA:1,8
DA:4,3
DA:7,16
DA:9,16
DA:10,16
DA:11,0
DA:12,3
DA:13,3
DA:14,16
DA:15,16
DA:16,0
DA:17,0
DA:18,3
DA:21,16
DA:24,0
DA:25,0
DA:26,0
DA:27,0
DA:28,0
DA:29,0
DA:32,3
BRDA:10,0,0,8
BRDA:10,0,1,8
BRDA:10,0,2,5
BRDA:26,1,0,0
BRDA:26,1,1,0
end_of_record
SF:src\app\_main\components\select\select.component.ts
DA:29,19
DA:40,7
DA:57,7
DA:59,7
DA:60,7
DA:63,7
DA:66,7
DA:69,7
DA:73,0
DA:74,0
DA:78,0
DA:82,0
DA:84,0
DA:85,0
DA:87,0
DA:91,7
DA:93,7
DA:94,2
DA:96,2
DA:97,2
DA:98,2
DA:103,7
DA:104,0
DA:109,7
DA:111,7
DA:112,17
DA:113,0
DA:116,17
DA:117,3
DA:121,7
DA:125,9
DA:126,9
DA:127,19
DA:130,9
DA:134,5
DA:136,5
DA:137,5
DA:138,5
DA:141,5
DA:142,0
DA:143,5
DA:144,5
DA:147,5
DA:148,5
DA:149,0
DA:150,5
DA:151,5
DA:156,0
DA:157,0
DA:158,0
DA:160,0
DA:165,0
DA:166,0
DA:168,0
DA:169,0
DA:170,0
DA:171,0
DA:174,0
DA:176,0
DA:177,0
DA:182,0
DA:183,0
DA:185,0
DA:190,19
DA:191,0
DA:192,19
DA:193,0
DA:195,19
DA:200,0
DA:201,0
DA:203,0
DA:204,0
DA:207,0
DA:214,0
DA:215,0
DA:223,0
DA:224,0
DA:229,6
DA:231,6
DA:232,3
DA:32,3
DA:33,3
BRDA:82,0,0,0
BRDA:84,1,0,0
BRDA:96,2,0,0
BRDA:96,2,1,2
BRDA:96,3,0,2
BRDA:96,3,1,2
BRDA:97,4,0,2
BRDA:103,5,0,0
BRDA:103,5,1,7
BRDA:103,6,0,7
BRDA:103,6,1,7
BRDA:111,7,0,0
BRDA:111,7,1,7
BRDA:111,8,0,7
BRDA:111,8,1,7
BRDA:116,9,0,3
BRDA:125,10,0,9
BRDA:141,11,0,0
BRDA:141,11,1,5
BRDA:143,12,0,5
BRDA:148,13,0,0
BRDA:148,13,1,5
BRDA:150,14,0,5
BRDA:150,15,0,5
BRDA:150,15,1,5
BRDA:157,16,0,0
BRDA:157,16,1,0
BRDA:168,17,0,0
BRDA:176,18,0,0
BRDA:182,19,0,0
BRDA:182,19,1,0
BRDA:190,20,0,0
BRDA:190,20,1,19
BRDA:190,21,0,19
BRDA:190,21,1,0
BRDA:192,22,0,0
BRDA:192,22,1,19
BRDA:200,23,0,0
BRDA:200,23,1,0
BRDA:214,24,0,0
BRDA:214,24,1,0
BRDA:214,25,0,0
BRDA:214,25,1,0
BRDA:223,26,0,0
BRDA:223,26,1,0
BRDA:223,27,0,0
BRDA:223,27,1,0
BRDA:231,28,0,3
BRDA:82,0,1,0
BRDA:84,1,1,0
BRDA:97,4,1,0
BRDA:116,9,1,0
BRDA:125,10,1,0
BRDA:143,12,1,0
BRDA:150,14,1,0
BRDA:168,17,1,0
BRDA:176,18,1,0
BRDA:231,28,1,3
BRDA:29,29,0,3
BRDA:29,29,1,3
end_of_record
SF:src\app\_main\components\select\select.stories.ts
end_of_record
SF:src\app\_main\components\sidebar-navigation\sidebar-entry\sidebar-entry.component.html
DA:1,7042
DA:2,72
DA:3,72
DA:4,14084
DA:5,14084
DA:6,14084
DA:7,0
DA:8,0
DA:9,14084
DA:10,14084
DA:11,72
DA:12,72
DA:14,72
DA:15,72
DA:16,14084
DA:17,2772
DA:18,2772
DA:19,12
DA:20,12
DA:21,12
DA:22,12
DA:24,72
DA:26,14084
DA:27,72
DA:28,72
BRDA:5,0,0,7042
BRDA:5,0,1,1386
BRDA:6,1,0,7042
BRDA:6,1,1,0
BRDA:16,2,0,7042
BRDA:16,2,1,1386
end_of_record
SF:src\app\_main\components\sidebar-navigation\sidebar-entry\sidebar-entry.component.ts
DA:9,73
DA:10,72
DA:12,72
DA:13,72
DA:14,72
DA:15,72
DA:19,0
DA:23,0
DA:26,72
DA:29,72
DA:32,72
DA:35,0
BRDA:19,0,0,0
BRDA:19,0,1,0
BRDA:19,1,0,0
BRDA:19,1,1,0
BRDA:19,2,0,0
BRDA:19,2,1,0
BRDA:9,3,0,72
BRDA:9,3,1,72
end_of_record
SF:src\app\_main\components\sidebar-navigation\sidebar-group\sidebar-group.component.html
DA:1,0
DA:2,0
DA:3,0
DA:4,0
DA:5,0
DA:6,0
DA:7,0
end_of_record
SF:src\app\_main\components\sidebar-navigation\sidebar-group\sidebar-group.component.ts
DA:9,37
DA:11,0
BRDA:9,0,0,0
BRDA:9,0,1,0
end_of_record
SF:src\app\_main\components\sidebar-navigation\sidebar-navigation.component.html
DA:1,15
DA:2,15
DA:3,2828
DA:4,15
DA:7,15
DA:8,2828
DA:9,15
DA:11,2828
DA:12,15
DA:15,2828
DA:16,15
DA:17,15
DA:18,2828
DA:20,0
DA:21,0
DA:22,0
DA:24,0
DA:26,0
DA:28,15
DA:31,2828
DA:32,15
DA:33,15
DA:34,2828
DA:36,1865
DA:37,9
DA:38,1856
DA:39,458
DA:42,919
DA:43,3
DA:44,916
DA:45,0
DA:46,15
DA:48,916
DA:49,0
DA:50,15
DA:52,916
DA:53,0
DA:54,15
DA:56,3
DA:57,15
DA:59,3
DA:60,15
DA:62,3
DA:63,3
DA:64,9
DA:65,9
DA:66,9
DA:67,18
DA:69,9
DA:70,18
DA:72,9
DA:73,18
DA:75,9
DA:76,18
DA:78,9
DA:79,9
DA:80,15
BRDA:22,0,0,0
BRDA:22,0,1,0
BRDA:24,1,0,0
BRDA:24,1,1,0
BRDA:24,1,2,0
BRDA:39,2,0,458
BRDA:39,2,1,0
end_of_record
SF:src\app\_main\components\sidebar-navigation\sidebar-navigation.component.ts
DA:26,37
DA:35,16
DA:39,1416
DA:40,1416
DA:41,1400
DA:47,16
DA:50,16
DA:53,16
DA:56,16
DA:59,16
DA:62,16
DA:65,16
DA:68,16
DA:71,0
DA:75,16
DA:76,16
DA:77,16
DA:78,16
DA:79,16
DA:83,16
DA:84,16
DA:86,16
DA:87,0
DA:92,0
DA:93,0
DA:95,0
DA:100,0
DA:104,0
DA:108,0
DA:110,0
DA:114,0
DA:116,0
DA:120,0
DA:122,0
DA:126,0
DA:128,0
DA:132,0
DA:133,0
DA:134,0
DA:140,0
DA:142,0
DA:146,0
DA:147,0
DA:148,0
DA:154,0
DA:158,0
DA:165,0
BRDA:39,0,0,16
BRDA:39,0,1,1400
BRDA:39,1,0,1416
BRDA:39,1,1,1416
BRDA:40,2,0,16
BRDA:40,3,0,0
BRDA:40,3,1,16
BRDA:42,4,0,0
BRDA:42,4,1,1400
BRDA:42,5,0,0
BRDA:42,5,1,0
BRDA:92,6,0,0
BRDA:92,6,1,0
BRDA:40,2,1,1399
BRDA:26,7,0,15
BRDA:26,7,1,15
end_of_record
SF:src\app\_main\components\snackbar-outlet\snackbar-outlet.component.html
DA:1,1414
end_of_record
SF:src\app\_main\components\snackbar-outlet\snackbar-outlet.component.ts
DA:10,37
DA:11,17
DA:13,17
DA:16,0
BRDA:10,0,0,15
BRDA:10,0,1,15
end_of_record
SF:src\app\_main\components\snackbar\snackbar.component.html
DA:1,0
DA:3,0
DA:4,0
DA:5,0
end_of_record
SF:src\app\_main\components\snackbar\snackbar.component.ts
DA:12,37
DA:13,1
DA:16,1
DA:22,1
DA:25,1
DA:28,1
DA:31,2
DA:33,2
DA:35,0
DA:37,0
DA:39,0
DA:41,0
DA:45,1
DA:48,1
DA:49,0
DA:54,0
DA:55,0
DA:56,0
DA:61,0
BRDA:31,0,0,2
BRDA:31,0,1,0
BRDA:31,0,2,0
BRDA:31,0,3,0
BRDA:31,0,4,0
BRDA:12,1,0,0
BRDA:12,1,1,0
end_of_record
SF:src\app\_main\components\snackbar\snackbar.interface.ts
end_of_record
SF:src\app\_main\components\tabs\tab\tab.component.html
DA:1,16
DA:2,16
DA:3,16
end_of_record
SF:src\app\_main\components\tabs\tab\tab.component.ts
DA:8,37
BRDA:8,0,0,16
BRDA:8,0,1,16
end_of_record
SF:src\app\_main\components\tabs\tabs.component.html
DA:1,4
DA:2,4
DA:3,4
DA:4,4
DA:5,4
DA:6,4
DA:7,4
end_of_record
SF:src\app\_main\components\tabs\tabs.component.ts
DA:8,37
BRDA:8,0,0,4
BRDA:8,0,1,4
end_of_record
SF:src\app\_main\components\textarea\markdown.example.ts
end_of_record
SF:src\app\_main\components\textarea\textarea.component.html
DA:1,3
DA:3,796
DA:4,796
DA:6,796
DA:7,796
DA:8,3
DA:11,3
DA:12,3
DA:13,796
DA:14,3
DA:18,3
DA:19,3
DA:20,796
DA:21,3
DA:25,3
DA:26,3
DA:27,796
DA:28,3
DA:32,3
DA:33,3
DA:34,796
DA:35,3
DA:39,3
DA:40,3
DA:41,796
DA:42,3
DA:46,3
DA:47,3
DA:48,796
DA:49,3
DA:53,3
DA:54,3
DA:55,796
DA:56,3
DA:60,3
DA:61,3
DA:62,796
DA:63,3
DA:67,3
DA:68,3
DA:69,796
DA:70,3
DA:74,3
DA:76,3
end_of_record
SF:src\app\_main\components\textarea\textarea.component.ts
DA:27,37
DA:41,4
DA:48,4
DA:50,4
DA:55,4
DA:57,4
DA:60,4
DA:63,4
DA:66,4
DA:69,4
DA:72,4
DA:75,4
DA:78,4
DA:81,4
DA:84,4
DA:87,4
DA:90,4
DA:91,4
DA:92,4
DA:93,4
DA:97,4
DA:98,4
DA:111,4
DA:112,13
DA:113,13
DA:114,13
DA:115,13
DA:118,4
DA:119,4
DA:120,0
DA:122,4
DA:123,4
DA:124,4
DA:125,4
DA:129,0
DA:133,0
DA:135,0
DA:136,0
DA:139,0
DA:142,0
DA:146,3
DA:147,3
DA:151,0
DA:155,0
DA:159,0
DA:163,0
DA:167,0
DA:171,0
DA:175,0
DA:179,0
DA:183,0
DA:189,0
DA:193,0
DA:199,0
DA:203,0
DA:206,0
DA:210,0
DA:214,0
DA:218,0
DA:222,0
BRDA:99,0,0,4
BRDA:99,0,1,4
BRDA:119,1,0,0
BRDA:119,1,1,4
BRDA:119,2,0,4
BRDA:119,2,1,4
BRDA:135,3,0,0
BRDA:135,3,1,0
BRDA:135,4,0,0
BRDA:135,4,1,0
BRDA:135,5,0,0
BRDA:135,5,1,0
BRDA:146,6,0,3
BRDA:146,6,1,0
BRDA:146,7,0,3
BRDA:146,7,1,0
BRDA:151,8,0,0
BRDA:151,8,1,0
BRDA:151,9,0,0
BRDA:151,9,1,0
BRDA:155,10,0,0
BRDA:155,10,1,0
BRDA:155,11,0,0
BRDA:155,11,1,0
BRDA:159,12,0,0
BRDA:159,12,1,0
BRDA:159,13,0,0
BRDA:159,13,1,0
BRDA:163,14,0,0
BRDA:163,14,1,0
BRDA:163,15,0,0
BRDA:163,15,1,0
BRDA:167,16,0,0
BRDA:167,16,1,0
BRDA:167,17,0,0
BRDA:167,17,1,0
BRDA:171,18,0,0
BRDA:171,18,1,0
BRDA:171,19,0,0
BRDA:171,19,1,0
BRDA:175,20,0,0
BRDA:175,20,1,0
BRDA:175,21,0,0
BRDA:175,21,1,0
BRDA:179,22,0,0
BRDA:179,22,1,0
BRDA:179,23,0,0
BRDA:179,23,1,0
BRDA:183,24,0,0
BRDA:183,24,1,0
BRDA:183,25,0,0
BRDA:183,25,1,0
BRDA:189,26,0,0
BRDA:189,26,1,0
BRDA:189,27,0,0
BRDA:189,27,1,0
BRDA:193,28,0,0
BRDA:193,28,1,0
BRDA:193,29,0,0
BRDA:193,29,1,0
BRDA:199,30,0,0
BRDA:199,30,1,0
BRDA:199,31,0,0
BRDA:199,31,1,0
BRDA:203,32,0,0
BRDA:203,32,1,0
BRDA:203,33,0,0
BRDA:203,33,1,0
BRDA:206,34,0,0
BRDA:206,34,1,0
BRDA:206,35,0,0
BRDA:206,35,1,0
BRDA:210,36,0,0
BRDA:210,36,1,0
BRDA:210,37,0,0
BRDA:210,37,1,0
BRDA:214,38,0,0
BRDA:214,38,1,0
BRDA:214,39,0,0
BRDA:214,39,1,0
BRDA:218,40,0,0
BRDA:218,40,1,0
BRDA:218,41,0,0
BRDA:218,41,1,0
BRDA:222,42,0,0
BRDA:222,42,1,0
BRDA:222,43,0,0
BRDA:222,43,1,0
BRDA:27,44,0,3
BRDA:27,44,1,3
BRDA:27,45,0,3
BRDA:27,45,1,3
end_of_record
SF:src\app\_main\components\textarea\textarea.stories.ts
end_of_record
SF:src\app\_main\components\upper-navigation\upper-navigation.component.html
DA:1,1414
DA:2,15
DA:3,15
DA:4,15
DA:5,15
DA:6,15
DA:7,2828
DA:8,10
DA:9,1986
DA:11,2828
DA:12,2828
DA:13,15
DA:16,2828
DA:20,2828
DA:21,30
DA:24,15
DA:26,2828
DA:27,30
DA:30,15
DA:31,15
DA:32,2828
DA:33,30
end_of_record
SF:src\app\_main\components\upper-navigation\upper-navigation.component.ts
DA:17,37
DA:20,17
DA:21,17
DA:22,17
DA:23,17
DA:25,17
DA:26,17
DA:31,17
DA:32,17
DA:33,17
DA:34,17
DA:35,17
DA:36,17
DA:40,17
DA:42,0
DA:43,0
DA:44,0
DA:45,0
DA:47,0
DA:49,0
DA:54,17
DA:58,0
DA:59,0
DA:64,0
DA:68,0
DA:69,0
DA:72,0
DA:79,1418
DA:83,0
DA:84,0
DA:87,0
DA:92,0
DA:96,0
DA:97,0
DA:99,0
BRDA:42,0,0,0
BRDA:42,0,1,0
BRDA:44,1,0,0
BRDA:44,1,1,0
BRDA:96,2,0,0
BRDA:96,2,1,0
BRDA:17,3,0,15
BRDA:17,3,1,15
end_of_record
SF:src\app\_main\decorators\cache\cache.decorator.ts
DA:13,19
DA:21,266
DA:22,266
DA:24,266
DA:26,266
DA:27,95
DA:28,95
DA:30,95
DA:31,47
DA:34,48
DA:35,48
DA:37,48
DA:38,48
DA:39,9
DA:43,48
DA:46,266
BRDA:30,0,0,47
BRDA:37,1,0,48
BRDA:37,2,0,48
BRDA:37,2,1,48
BRDA:30,0,1,42
BRDA:37,1,1,0
end_of_record
SF:src\app\_main\decorators\debug\debug.decorator.ts
end_of_record
SF:src\app\_main\decorators\page\page.decorator.ts
DA:15,32
end_of_record
SF:src\app\_main\decorators\service-validator.decorator.ts
end_of_record
SF:src\app\_main\decorators\service\service.decorator.ts
DA:5,243
DA:8,243
DA:9,243
DA:10,243
DA:12,243
DA:14,231
DA:15,18
DA:18,231
BRDA:12,0,0,12
BRDA:14,1,0,18
BRDA:12,0,1,231
BRDA:14,1,1,213
end_of_record
SF:src\app\_main\dialogs\alert\alert.dialog.html
DA:1,82
DA:2,2
DA:3,82
DA:5,2
DA:6,82
DA:7,80
DA:8,82
DA:9,2
DA:10,80
DA:11,0
DA:12,0
DA:13,2
BRDA:7,0,0,40
BRDA:7,0,1,40
BRDA:10,1,0,40
BRDA:10,1,1,0
end_of_record
SF:src\app\_main\dialogs\alert\alert.dialog.ts
DA:7,19
DA:8,19
DA:9,19
DA:46,37
DA:50,3
DA:58,3
DA:59,3
DA:61,3
DA:67,3
DA:74,0
DA:81,2
DA:10,36
BRDA:7,0,0,19
BRDA:7,0,1,19
BRDA:61,1,0,3
BRDA:61,1,1,1
BRDA:46,2,0,2
BRDA:46,2,1,2
end_of_record
SF:src\app\_main\directives\click-outside\click-outside.directive.ts
DA:6,37
DA:7,0
DA:9,0
DA:11,0
DA:15,0
DA:16,0
DA:17,0
DA:20,0
DA:21,0
DA:22,0
DA:25,0
BRDA:15,0,0,0
BRDA:21,1,0,0
BRDA:15,0,1,0
BRDA:21,1,1,0
BRDA:6,2,0,0
BRDA:6,2,1,0
end_of_record
SF:src\app\_main\directives\click-stop-propagation\click-stop-propagation.directive.ts
DA:6,37
DA:9,1
DA:11,1
BRDA:6,0,0,21
BRDA:6,0,1,21
end_of_record
SF:src\app\_main\directives\collapsable\collapsable.directive.ts
DA:6,73
DA:8,72
DA:11,72
DA:15,72
DA:17,72
DA:21,72
DA:23,72
DA:24,72
DA:26,0
DA:31,0
DA:34,72
DA:37,72
DA:39,72
DA:40,72
DA:45,0
DA:47,0
DA:48,0
BRDA:23,0,0,72
BRDA:23,0,1,0
BRDA:6,1,0,72
BRDA:6,1,1,72
end_of_record
SF:src\app\_main\directives\focus-initial\focus-initial.directive.ts
DA:9,37
DA:14,2
DA:20,2
BRDA:9,0,0,2
BRDA:9,0,1,2
end_of_record
SF:src\app\_main\directives\let\let.directive.ts
DA:10,37
DA:11,7
DA:14,7
DA:19,15
BRDA:10,0,0,3
BRDA:10,0,1,3
end_of_record
SF:src\app\_main\directives\view-container\view-container.directive.ts
DA:6,37
DA:7,15
BRDA:6,0,0,15
BRDA:6,0,1,15
end_of_record
SF:src\app\_main\interceptors\error.interceptor.ts
DA:11,37
DA:13,22
DA:14,22
DA:15,22
DA:16,22
DA:19,22
DA:22,12
DA:29,4
DA:33,135
DA:35,12
DA:37,12
DA:38,4
DA:40,4
DA:41,0
DA:45,4
DA:46,0
DA:47,0
DA:48,0
DA:52,4
DA:53,0
DA:56,0
DA:60,0
DA:65,4
DA:66,4
DA:69,8
BRDA:23,0,0,12
BRDA:23,0,1,0
BRDA:23,1,0,0
BRDA:23,1,1,12
BRDA:23,2,0,12
BRDA:23,2,1,12
BRDA:24,3,0,12
BRDA:24,3,1,9
BRDA:24,4,0,0
BRDA:24,4,1,12
BRDA:24,5,0,12
BRDA:24,5,1,12
BRDA:24,6,0,0
BRDA:24,6,1,12
BRDA:24,7,0,12
BRDA:24,7,1,12
BRDA:37,8,0,4
BRDA:40,9,0,0
BRDA:45,10,0,0
BRDA:52,11,0,0
BRDA:56,12,0,0
BRDA:57,13,0,0
BRDA:57,13,1,0
BRDA:37,8,1,3
BRDA:40,9,1,4
BRDA:45,10,1,4
BRDA:52,11,1,4
BRDA:56,12,1,0
BRDA:11,14,0,18
BRDA:11,14,1,18
end_of_record
SF:src\app\_main\interfaces\api-file.interface.ts
end_of_record
SF:src\app\_main\interfaces\color.interface.ts
end_of_record
SF:src\app\_main\interfaces\date.interface.ts
end_of_record
SF:src\app\_main\interfaces\filters.interface.ts
DA:46,19
DA:47,19
DA:48,19
DA:51,19
DA:52,19
DA:53,19
DA:54,19
DA:55,19
DA:56,19
DA:49,36
DA:57,36
BRDA:46,0,0,19
BRDA:46,0,1,19
BRDA:51,1,0,19
BRDA:51,1,1,19
end_of_record
SF:src\app\_main\interfaces\http-error.interface.ts
end_of_record
SF:src\app\_main\interfaces\integration-module.interface.ts
end_of_record
SF:src\app\_main\interfaces\json-parsable.interface.ts
end_of_record
SF:src\app\_main\interfaces\keyboard-key.interface.ts
end_of_record
SF:src\app\_main\interfaces\request-options.interface.ts
end_of_record
SF:src\app\_main\interfaces\validation-error.interface.ts
end_of_record
SF:src\app\_main\libs\emoji\emoji-sequence.aliases.ts
DA:1,19
DA:21,19
DA:25,323
DA:27,817
BRDA:27,0,0,171
BRDA:27,0,1,646
end_of_record
SF:src\app\_main\libs\emoji\emoji.aliases.ts
DA:1,19
end_of_record
SF:src\app\_main\libs\emoji\emoji.lib.ts
DA:6,19
DA:7,19
DA:8,19
DA:9,19
DA:10,19
DA:11,19
DA:12,19
DA:16,0
DA:20,0
DA:24,0
DA:28,0
BRDA:24,0,0,0
BRDA:24,0,1,0
end_of_record
SF:src\app\_main\libs\marked\extensions\marked-emoji-extension.ts
DA:17,19
DA:21,0
DA:24,0
DA:25,0
DA:27,0
DA:29,0
DA:30,0
DA:38,0
DA:39,0
DA:48,0
DA:52,0
DA:53,0
DA:55,0
BRDA:29,0,0,0
BRDA:38,1,0,0
BRDA:52,2,0,0
BRDA:52,2,1,0
BRDA:29,0,1,0
BRDA:38,1,1,0
end_of_record
SF:src\app\_main\libs\marked\marked.lib.ts
DA:6,19
DA:9,4
DA:11,4
DA:15,4
DA:19,4
DA:21,4
DA:23,4
DA:5,36
BRDA:9,0,0,0
BRDA:9,0,1,3
end_of_record
SF:src\app\_main\libs\marked\overrides\link.override.ts
DA:4,4
DA:5,4
DA:6,0
DA:8,0
DA:9,0
DA:10,0
DA:14,4
BRDA:6,0,0,0
BRDA:10,1,0,0
BRDA:10,1,1,0
BRDA:6,0,1,0
end_of_record
SF:src\app\_main\libs\monaco\monaco-editor.d.ts
end_of_record
SF:src\app\_main\libs\monaco\monaco.lib.ts
DA:5,19
DA:8,0
DA:12,4
DA:14,4
DA:18,4
DA:19,4
DA:20,4
DA:22,4
DA:4,36
BRDA:12,0,0,0
BRDA:12,0,1,3
end_of_record
SF:src\app\_main\libs\monaco\plugin-loader.util.ts
end_of_record
SF:src\app\_main\libs\monaco\plugins\selection-edit.plugin.ts
DA:6,19
DA:7,19
DA:8,19
DA:9,19
DA:10,19
DA:13,19
DA:26,19
DA:28,0
DA:41,0
DA:43,0
DA:60,0
DA:61,0
DA:63,0
DA:64,0
DA:65,0
DA:67,0
DA:82,0
DA:83,0
DA:85,0
DA:86,0
DA:88,0
DA:89,0
DA:90,0
DA:92,0
DA:93,0
DA:95,0
DA:110,4
DA:111,0
DA:114,4
DA:118,0
DA:123,0
DA:124,0
DA:125,0
DA:127,0
DA:129,0
DA:130,0
DA:131,0
DA:136,0
DA:137,0
DA:138,0
DA:148,0
DA:155,0
DA:156,0
DA:157,0
DA:11,36
BRDA:6,0,0,19
BRDA:6,0,1,19
BRDA:41,1,0,0
BRDA:41,1,1,0
BRDA:41,2,0,0
BRDA:41,2,1,0
BRDA:41,3,0,0
BRDA:41,3,1,0
BRDA:83,4,0,0
BRDA:127,5,0,0
BRDA:83,4,1,0
BRDA:127,5,1,0
end_of_record
SF:src\app\_main\libs\monaco\typings.ts
end_of_record
SF:src\app\_main\libs\proto\message-metadata-registry.class.ts
DA:7,23
DA:8,23
DA:11,23
DA:13,23
DA:14,161
DA:19,26
DA:23,78
DA:27,26
DA:31,184
DA:32,184
DA:34,184
DA:38,184
DA:40,184
DA:41,184
DA:42,161
DA:50,184
BRDA:41,0,0,161
BRDA:41,0,1,18
end_of_record
SF:src\app\_main\libs\proto\message-metadata.class.ts
DA:9,184
DA:10,184
DA:11,184
end_of_record
SF:src\app\_main\libs\store\operators\use-store.operator.ts
DA:6,6
DA:7,6
DA:9,6
DA:13,1
BRDA:10,0,0,2
BRDA:10,0,1,4
end_of_record
SF:src\app\_main\libs\store\store.class.ts
DA:8,53
DA:11,1
DA:12,1
DA:16,6
DA:20,0
DA:24,0
DA:28,0
DA:32,1
DA:33,1
DA:34,1
DA:36,1
end_of_record
SF:src\app\_main\operators\apply-filters.operator.ts
end_of_record
SF:src\app\_main\operators\apply-options.operator.ts
DA:6,6
DA:7,6
DA:9,0
DA:10,0
DA:12,0
BRDA:7,0,0,6
BRDA:9,1,0,0
BRDA:9,1,1,0
BRDA:7,0,1,0
end_of_record
SF:src\app\_main\operators\catch-response.operator.ts
end_of_record
SF:src\app\_main\operators\loader.operator.ts
DA:5,9
DA:6,9
DA:8,9
DA:9,9
DA:16,6
DA:17,6
DA:19,3
DA:26,9
DA:27,9
DA:29,8
DA:32,4
DA:39,6
DA:40,6
DA:42,6
end_of_record
SF:src\app\_main\pages\mock\mock.page.html
DA:1,0
end_of_record
SF:src\app\_main\pages\mock\mock.page.ts
DA:9,37
DA:10,1
DA:12,1
DA:15,1
DA:16,1
BRDA:9,0,0,0
BRDA:9,0,1,0
end_of_record
SF:src\app\_main\pipes\color\color.pipe.ts
DA:7,37
DA:9,0
DA:10,0
DA:11,0
DA:14,0
DA:16,0
DA:18,0
DA:20,0
BRDA:9,0,0,0
BRDA:10,1,0,0
BRDA:14,2,0,0
BRDA:14,2,1,0
BRDA:14,2,2,0
BRDA:9,0,1,0
BRDA:10,1,1,0
BRDA:7,3,0,0
BRDA:7,3,1,0
end_of_record
SF:src\app\_main\pipes\contrast-color\contrast-color.pipe.ts
DA:7,37
DA:9,0
DA:10,0
BRDA:8,0,0,0
BRDA:10,1,0,0
BRDA:10,1,1,0
BRDA:7,2,0,0
BRDA:7,2,1,0
end_of_record
SF:src\app\_main\pipes\date-by-preferences\date-by-preferences.pipe.ts
DA:10,37
DA:11,0
DA:14,0
DA:15,0
DA:16,0
DA:18,0
DA:19,0
DA:20,0
DA:22,0
DA:25,0
BRDA:13,0,0,0
BRDA:14,1,0,0
BRDA:14,1,1,0
BRDA:15,2,0,0
BRDA:15,2,1,0
BRDA:19,3,0,0
BRDA:19,3,1,0
BRDA:10,4,0,0
BRDA:10,4,1,0
end_of_record
SF:src\app\_main\pipes\day-of-week\day-of-week.pipe.ts
DA:7,37
DA:8,0
DA:11,0
BRDA:7,0,0,0
BRDA:7,0,1,0
end_of_record
SF:src\app\_main\pipes\dayjs-format\dayjs-format.pipe.ts
DA:9,37
DA:11,0
DA:13,0
DA:14,0
BRDA:11,0,0,0
BRDA:13,1,0,0
BRDA:11,0,1,0
BRDA:13,1,1,0
BRDA:9,2,0,0
BRDA:9,2,1,0
end_of_record
SF:src\app\_main\pipes\dayjs\dayjs.pipe.ts
DA:9,37
DA:11,0
DA:12,0
DA:13,0
DA:14,0
DA:15,0
DA:17,0
DA:20,0
BRDA:11,0,0,0
BRDA:11,0,1,0
BRDA:13,1,0,0
BRDA:13,1,1,0
BRDA:14,2,0,0
BRDA:14,2,1,0
BRDA:9,3,0,0
BRDA:9,3,1,0
end_of_record
SF:src\app\_main\pipes\markdown\markdown.pipe.ts
DA:10,37
DA:13,0
DA:14,0
DA:15,0
DA:19,0
DA:27,0
BRDA:19,0,0,0
BRDA:19,0,1,0
BRDA:10,1,0,0
BRDA:10,1,1,0
end_of_record
SF:src\app\_main\pipes\month\month.pipe.ts
DA:9,37
DA:10,0
DA:13,0
DA:14,0
DA:15,0
DA:16,0
DA:18,0
BRDA:13,0,0,0
BRDA:13,0,1,0
BRDA:15,1,0,0
BRDA:15,1,1,0
BRDA:9,2,0,0
BRDA:9,2,1,0
end_of_record
SF:src\app\_main\pipes\reverse\reverse.pipe.ts
DA:6,37
DA:8,0
DA:9,0
BRDA:8,0,0,0
BRDA:8,0,1,0
BRDA:6,1,0,0
BRDA:6,1,1,0
end_of_record
SF:src\app\_main\pipes\validation-error\validation-error.pipe.ts
DA:9,37
DA:16,12
BRDA:16,0,0,12
BRDA:16,0,1,7
BRDA:16,1,0,7
BRDA:16,1,1,5
BRDA:16,2,0,12
BRDA:16,2,1,5
BRDA:9,3,0,8
BRDA:9,3,1,8
end_of_record
SF:src\app\_main\pipes\year\year.pipe.ts
DA:8,37
DA:10,0
BRDA:8,0,0,0
BRDA:8,0,1,0
end_of_record
SF:src\app\_main\services\api\api.service.ts
DA:15,19
DA:19,61
DA:24,61
DA:34,100
DA:36,100
DA:37,0
DA:40,100
DA:41,0
DA:42,0
DA:44,100
DA:45,0
DA:48,100
DA:63,84
DA:73,9
DA:83,3
DA:93,3
DA:103,1
DA:109,100
DA:110,100
DA:113,0
DA:115,0
DA:116,0
DA:118,0
DA:119,0
DA:120,0
DA:121,0
DA:126,0
BRDA:34,0,0,100
BRDA:34,0,1,100
BRDA:34,1,0,82
BRDA:34,1,1,18
BRDA:34,2,0,100
BRDA:34,2,1,100
BRDA:36,3,0,0
BRDA:40,4,0,0
BRDA:40,4,1,100
BRDA:40,5,0,82
BRDA:40,5,1,18
BRDA:40,6,0,100
BRDA:40,6,1,100
BRDA:44,7,0,0
BRDA:44,8,0,82
BRDA:44,8,1,18
BRDA:44,9,0,100
BRDA:44,9,1,100
BRDA:109,10,0,100
BRDA:115,11,0,0
BRDA:119,12,0,0
BRDA:120,13,0,0
BRDA:36,3,1,76
BRDA:44,7,1,76
BRDA:109,10,1,0
BRDA:115,11,1,0
BRDA:119,12,1,0
BRDA:120,13,1,0
BRDA:15,14,0,18
BRDA:15,14,1,18
end_of_record
SF:src\app\_main\services\base\base.service.ts
DA:9,230
DA:10,230
DA:13,6
DA:16,230
DA:19,10
DA:20,3
DA:21,3
DA:22,7
DA:23,0
DA:24,7
DA:25,0
DA:30,61
DA:31,10
DA:32,10
DA:34,10
BRDA:19,0,0,3
BRDA:19,0,1,7
BRDA:22,1,0,0
BRDA:22,1,1,7
BRDA:24,2,0,0
BRDA:29,3,0,22
BRDA:31,4,0,10
BRDA:31,4,1,4
BRDA:24,2,1,0
end_of_record
SF:src\app\_main\services\base\service-method-options.interface.ts
end_of_record
SF:src\app\_main\services\command\command.service.ts
DA:9,37
DA:10,21
DA:13,21
DA:14,0
DA:19,21
DA:20,21
DA:24,0
BRDA:9,0,0,18
BRDA:9,0,1,18
end_of_record
SF:src\app\_main\services\dialog\dialog-options.interface.ts
end_of_record
SF:src\app\_main\services\dialog\dialog.service.ts
DA:13,19
DA:14,19
DA:24,34
DA:25,55
DA:26,55
DA:29,55
DA:32,0
DA:38,55
DA:49,2
DA:50,0
DA:52,0
DA:53,0
DA:57,0
DA:59,2
DA:65,2
DA:66,2
DA:68,2
DA:69,2
DA:70,2
DA:73,2
DA:75,2
DA:79,0
DA:80,0
DA:85,15
DA:94,2
DA:96,2
DA:100,0
DA:106,0
DA:115,2
DA:119,1
DA:129,1
DA:15,36
BRDA:13,0,0,19
BRDA:13,0,1,19
BRDA:46,1,0,0
BRDA:49,2,0,0
BRDA:49,2,1,2
BRDA:49,3,0,2
BRDA:49,3,1,0
BRDA:49,4,0,2
BRDA:49,4,1,2
BRDA:52,5,0,0
BRDA:61,6,0,2
BRDA:61,6,1,2
BRDA:61,7,0,2
BRDA:61,7,1,0
BRDA:61,8,0,2
BRDA:61,8,1,2
BRDA:52,5,1,0
BRDA:24,9,0,33
BRDA:24,9,1,33
end_of_record
SF:src\app\_main\services\icons\icon.service.ts
DA:12,19
DA:14,21
DA:15,21
DA:16,21
DA:17,21
DA:21,21
DA:23,21
DA:24,21
DA:25,21
DA:26,21
DA:27,21
DA:29,21
DA:30,21
DA:31,21
DA:32,21
DA:33,21
DA:37,231
DA:39,231
DA:40,231
DA:42,231
BRDA:37,0,0,231
BRDA:37,0,1,231
BRDA:12,1,0,18
BRDA:12,1,1,18
end_of_record
SF:src\app\_main\services\notification\notification.service.ts
DA:12,19
DA:14,21
DA:15,21
DA:16,21
DA:20,21
DA:23,0
BRDA:12,0,0,18
BRDA:12,0,1,18
end_of_record
SF:src\app\_main\services\proto\dump.proto.service.ts
DA:8,1
DA:9,0
end_of_record
SF:src\app\_main\services\proto\proto.service.ts
DA:25,37
DA:26,23
DA:28,26
DA:29,26
DA:32,23
DA:35,23
DA:36,26
DA:39,23
DA:40,26
DA:47,71
DA:48,78
DA:49,52
DA:54,26
DA:55,26
DA:59,26
DA:63,78
DA:65,78
DA:66,78
DA:68,78
DA:69,78
DA:70,78
DA:73,78
DA:79,26
DA:80,26
DA:85,71
DA:92,71
DA:95,52
DA:96,0
DA:99,0
DA:106,0
DA:107,0
DA:108,0
DA:109,0
DA:114,26
DA:115,0
DA:116,0
DA:117,0
BRDA:48,0,0,26
BRDA:95,1,0,52
BRDA:106,2,0,0
BRDA:114,3,0,0
BRDA:48,0,1,52
BRDA:95,1,1,0
BRDA:106,2,1,0
BRDA:114,3,1,26
BRDA:25,4,0,18
BRDA:25,4,1,18
end_of_record
SF:src\app\_main\services\router-extensions\router-extensions.service.ts
DA:7,37
DA:8,24
DA:11,16
DA:13,16
DA:14,16
DA:15,57
DA:18,16
DA:27,16
DA:28,16
DA:29,0
DA:31,16
DA:36,16
DA:37,16
BRDA:11,0,0,0
BRDA:28,1,0,0
BRDA:28,1,1,16
BRDA:11,0,1,15
BRDA:7,2,0,18
BRDA:7,2,1,18
end_of_record
SF:src\app\_main\services\snackbar\snackbar.service.ts
DA:11,37
DA:12,59
DA:13,59
DA:16,3
DA:17,3
DA:19,3
DA:20,3
DA:22,3
DA:26,0
DA:27,0
DA:31,0
BRDA:15,0,0,0
BRDA:15,1,0,3
BRDA:11,2,0,18
BRDA:11,2,1,18
end_of_record
SF:src\app\_main\services\store\store.service.ts
DA:7,37
DA:8,53
BRDA:7,0,0,18
BRDA:7,0,1,18
end_of_record
SF:src\app\_main\validators\email.validator.ts
DA:9,5
DA:10,95
DA:16,55
DA:18,40
BRDA:10,0,0,55
BRDA:11,1,0,95
BRDA:11,1,1,75
BRDA:10,0,1,26
end_of_record
SF:src\app\_main\validators\max-length.validator.ts
DA:9,10
DA:10,206
DA:11,1
DA:16,205
BRDA:10,0,0,1
BRDA:10,0,1,191
end_of_record
SF:src\app\_main\validators\not-empty.validator.ts
DA:9,3
DA:10,93
DA:11,0
DA:13,93
BRDA:10,0,0,0
BRDA:10,0,1,93
BRDA:10,1,0,93
BRDA:10,1,1,76
end_of_record
SF:src\app\_main\validators\password.validator.ts
DA:9,9
DA:10,127
DA:11,59
DA:16,68
BRDA:10,0,0,59
BRDA:10,1,0,127
BRDA:10,1,1,78
BRDA:10,0,1,42
end_of_record
SF:src\app\_main\validators\required.validator.ts
DA:9,59
DA:10,828
DA:16,308
DA:18,520
BRDA:10,0,0,308
BRDA:11,1,0,828
BRDA:11,1,1,809
BRDA:11,1,2,808
BRDA:11,1,3,520
BRDA:10,0,1,517
end_of_record
SF:src\app\_main\validators\same-as.validator.ts
DA:10,5
DA:12,5
DA:13,63
DA:15,63
DA:16,4
DA:17,22
DA:18,2
DA:21,4
DA:24,63
DA:25,33
DA:30,30
BRDA:13,0,0,5
BRDA:13,0,1,58
BRDA:13,1,0,63
BRDA:13,1,1,58
BRDA:15,2,0,4
BRDA:15,3,0,63
BRDA:15,3,1,9
BRDA:16,4,0,0
BRDA:16,4,1,4
BRDA:16,5,0,4
BRDA:16,5,1,4
BRDA:17,6,0,2
BRDA:24,7,0,33
BRDA:24,8,0,5
BRDA:24,8,1,58
BRDA:24,9,0,63
BRDA:24,9,1,63
BRDA:15,2,1,48
BRDA:17,6,1,18
BRDA:24,7,1,20
end_of_record
SF:src\app\app.component.html
DA:1,18
end_of_record
SF:src\app\app.component.ts
DA:14,37
DA:18,21
DA:21,21
DA:22,21
DA:23,21
DA:26,21
DA:29,21
DA:30,21
DA:34,21
DA:37,21
BRDA:14,0,0,18
BRDA:14,0,1,18
end_of_record
SF:src\app\app.module.ts
DA:15,36
BRDA:15,0,0,18
BRDA:15,0,1,18
end_of_record
SF:src\app\app.routing.ts
DA:7,18
DA:10,6
DA:24,0
DA:28,0
DA:32,0
DA:36,0
DA:40,15
DA:55,36
BRDA:55,0,0,18
BRDA:55,0,1,18
end_of_record
SF:src\app\auth\auth.module.ts
DA:24,12
BRDA:24,0,0,6
BRDA:24,0,1,6
end_of_record
SF:src\app\auth\auth.routing.ts
DA:13,6
DA:51,12
BRDA:51,0,0,6
BRDA:51,0,1,6
end_of_record
SF:src\app\auth\guard\logged-in-users.guard.ts
DA:6,36
DA:7,15
DA:10,15
DA:11,15
DA:13,0
DA:14,0
BRDA:10,0,0,15
BRDA:10,0,1,0
BRDA:6,1,0,15
BRDA:6,1,1,15
end_of_record
SF:src\app\auth\interfaces\user.interface.ts
end_of_record
SF:src\app\auth\pages\change-password\change-password.page.html
DA:1,0
DA:4,0
DA:5,0
DA:6,0
DA:7,0
DA:8,0
DA:11,0
DA:15,0
DA:17,0
DA:21,0
DA:24,0
end_of_record
SF:src\app\auth\pages\change-password\change-password.page.ts
DA:15,13
DA:19,1
DA:20,1
DA:21,1
DA:25,1
DA:26,1
DA:34,1
DA:48,0
DA:50,0
DA:51,0
DA:53,0
DA:54,0
DA:57,0
BRDA:48,0,0,0
BRDA:48,1,0,0
BRDA:48,1,1,0
BRDA:53,2,0,0
BRDA:53,3,0,0
BRDA:53,3,1,0
BRDA:48,0,1,0
BRDA:53,2,1,0
BRDA:15,4,0,0
BRDA:15,4,1,0
BRDA:15,5,0,0
BRDA:15,5,1,0
end_of_record
SF:src\app\auth\pages\delete-account\delete-account.page.html
DA:1,0
DA:4,0
DA:5,0
DA:6,0
DA:7,0
DA:8,0
DA:11,0
DA:14,0
end_of_record
SF:src\app\auth\pages\delete-account\delete-account.page.ts
DA:10,13
DA:12,1
DA:13,1
DA:14,1
DA:18,1
DA:19,1
DA:23,1
DA:24,0
BRDA:23,0,0,0
BRDA:23,0,1,0
BRDA:10,1,0,0
BRDA:10,1,1,0
BRDA:10,2,0,0
BRDA:10,2,1,0
end_of_record
SF:src\app\auth\pages\forgot-password\forgot-password.page.html
DA:1,0
DA:4,0
DA:5,0
DA:6,0
DA:7,0
DA:9,0
DA:10,0
DA:11,0
DA:12,0
DA:13,0
DA:16,0
DA:19,0
DA:23,0
DA:26,0
end_of_record
SF:src\app\auth\pages\forgot-password\forgot-password.page.ts
DA:14,13
DA:15,1
DA:17,1
DA:24,1
DA:29,0
DA:31,0
DA:32,0
DA:34,0
DA:35,0
BRDA:29,0,0,0
BRDA:29,1,0,0
BRDA:29,1,1,0
BRDA:34,2,0,0
BRDA:29,0,1,0
BRDA:34,2,1,0
BRDA:14,3,0,0
BRDA:14,3,1,0
BRDA:14,4,0,0
BRDA:14,4,1,0
end_of_record
SF:src\app\auth\pages\login\login.page.html
DA:1,4
DA:4,4
DA:5,828
DA:6,4
DA:7,4
DA:8,8
DA:9,8
DA:12,828
DA:13,9
DA:14,1
DA:16,4
DA:19,4
DA:22,8
DA:24,4
DA:25,4
DA:28,828
DA:32,4
DA:35,4
end_of_record
SF:src\app\auth\pages\login\login.page.ts
DA:16,13
DA:18,5
DA:19,5
DA:20,5
DA:25,5
DA:30,5
DA:37,5
DA:38,0
DA:39,0
DA:44,4
DA:46,4
DA:47,4
DA:49,4
DA:50,4
DA:51,4
DA:56,1
DA:57,1
DA:61,3
DA:62,0
DA:64,3
DA:65,3
DA:72,1
DA:74,0
DA:75,0
DA:76,0
DA:78,1
DA:79,1
BRDA:44,0,0,0
BRDA:44,1,0,4
BRDA:44,1,1,0
BRDA:49,2,0,4
BRDA:61,3,0,0
BRDA:61,3,1,3
BRDA:72,4,0,0
BRDA:72,4,1,1
BRDA:44,0,1,4
BRDA:49,2,1,0
BRDA:16,5,0,4
BRDA:16,5,1,4
BRDA:16,6,0,4
BRDA:16,6,1,4
end_of_record
SF:src\app\auth\pages\register\register.page.html
DA:1,2
DA:4,2
DA:5,1168
DA:6,2
DA:7,2
DA:8,4
DA:9,4
DA:12,1168
DA:13,18
DA:14,2
DA:16,1168
DA:17,2
DA:20,2
DA:24,2
DA:26,2
DA:27,2
DA:28,2
DA:29,4
DA:32,8
DA:33,2
DA:34,1168
DA:35,2
DA:38,2
DA:41,2
DA:43,2
DA:44,2
DA:45,488
DA:47,2
DA:48,2
DA:50,2
DA:53,2
end_of_record
SF:src\app\auth\pages\register\register.page.ts
DA:13,7
DA:14,7
DA:15,7
DA:23,13
DA:24,3
DA:27,3
DA:28,3
DA:31,3
DA:36,3
DA:52,2
DA:58,2
DA:59,2
DA:60,8
DA:61,8
DA:62,8
DA:63,0
DA:66,2
DA:67,2
DA:72,0
DA:76,2
DA:78,2
DA:79,2
DA:81,2
DA:82,2
DA:83,2
DA:88,2
DA:89,2
DA:93,0
DA:99,2
DA:101,2
DA:103,1
DA:104,1
DA:106,1
DA:108,2
DA:110,0
DA:16,12
BRDA:13,0,0,7
BRDA:13,0,1,7
BRDA:60,1,0,0
BRDA:60,1,1,8
BRDA:60,2,0,8
BRDA:60,2,1,8
BRDA:61,3,0,0
BRDA:61,3,1,8
BRDA:61,4,0,8
BRDA:61,4,1,8
BRDA:62,5,0,0
BRDA:62,6,0,0
BRDA:62,6,1,8
BRDA:62,7,0,8
BRDA:62,7,1,8
BRDA:66,8,0,2
BRDA:76,9,0,0
BRDA:76,10,0,2
BRDA:76,10,1,0
BRDA:81,11,0,2
BRDA:99,12,0,2
BRDA:99,12,1,0
BRDA:101,13,0,1
BRDA:101,13,1,1
BRDA:62,5,1,8
BRDA:66,8,1,0
BRDA:76,9,1,2
BRDA:81,11,1,0
BRDA:23,14,0,2
BRDA:23,14,1,2
BRDA:23,15,0,2
BRDA:23,15,1,2
end_of_record
SF:src\app\auth\pages\restore-account\restore-account.page.html
DA:1,0
DA:4,0
DA:5,0
DA:7,0
DA:8,0
DA:9,0
DA:12,0
DA:13,0
DA:14,0
DA:18,0
DA:21,0
end_of_record
SF:src\app\auth\pages\restore-account\restore-account.page.ts
DA:10,13
DA:11,1
DA:14,0
DA:18,0
BRDA:10,0,0,0
BRDA:10,0,1,0
BRDA:10,1,0,0
BRDA:10,1,1,0
end_of_record
SF:src\app\auth\services\auth\auth.service.ts
DA:14,19
DA:15,33
DA:21,33
DA:22,33
DA:38,2
DA:52,4
DA:54,3
DA:58,0
DA:59,0
DA:60,0
DA:64,0
DA:68,0
DA:72,0
DA:76,0
DA:85,0
DA:89,15
DA:90,15
DA:92,0
DA:97,0
DA:101,0
BRDA:89,0,0,15
BRDA:89,0,1,0
BRDA:101,1,0,0
BRDA:101,1,1,0
BRDA:14,2,0,18
BRDA:14,2,1,18
end_of_record
SF:src\app\auth\services\user\user.service.ts
DA:15,19
DA:16,27
DA:21,27
DA:22,27
DA:23,27
DA:25,27
DA:29,10
DA:37,0
DA:41,25
DA:42,22
DA:43,10
DA:47,22
DA:51,0
DA:55,0
DA:59,4
DA:63,19
DA:64,0
BRDA:41,0,0,3
BRDA:41,0,1,16
BRDA:15,1,0,18
BRDA:15,1,1,18
end_of_record
SF:src\app\calendar\calendar.module.ts
end_of_record
SF:src\app\calendar\calendar.routing.ts
end_of_record
SF:src\app\calendar\components\calendar-event\calendar-event.component.ts
end_of_record
SF:src\app\calendar\components\calendar-grid\calendar-grid.component.ts
end_of_record
SF:src\app\calendar\components\calendar-navbar\calendar-navbar.component.ts
end_of_record
SF:src\app\calendar\components\calendar-picker\calendar-picker.component.ts
end_of_record
SF:src\app\calendar\components\calendar-sidebar\calendar-sidebar.component.ts
end_of_record
SF:src\app\calendar\components\calendar\calendar.component.ts
end_of_record
SF:src\app\calendar\dialogs\calendar-export\calendar-export.dialog.ts
end_of_record
SF:src\app\calendar\dialogs\meeting\meeting.dialog.ts
end_of_record
SF:src\app\calendar\enums\event-type.enum.ts
end_of_record
SF:src\app\calendar\interfaces\event.interface.ts
end_of_record
SF:src\app\calendar\interfaces\meeting.interface.ts
end_of_record
SF:src\app\calendar\pages\calendar\calendar.page.ts
end_of_record
SF:src\app\calendar\pipes\event-type\event-type.pipe.ts
end_of_record
SF:src\app\calendar\services\calendar.service.ts
end_of_record
SF:src\app\calendar\services\meeting.service.ts
end_of_record
SF:src\app\dashboard\classes\user.class.ts
DA:14,0
DA:15,0
DA:16,0
DA:17,0
DA:24,0
DA:26,0
DA:27,0
DA:30,0
DA:32,0
DA:33,0
DA:34,0
DA:35,0
end_of_record
SF:src\app\dashboard\components\integration-modules-grid\integration-modules-grid.component.html
DA:1,3
DA:2,3
DA:3,796
DA:5,3
DA:7,3
DA:8,796
DA:9,3
DA:10,3
DA:11,796
DA:13,3
DA:14,3
DA:16,3
end_of_record
SF:src\app\dashboard\components\integration-modules-grid\integration-modules-grid.component.ts
DA:23,30
DA:25,3
DA:26,3
DA:27,0
DA:31,5
DA:35,3
DA:37,3
DA:38,3
DA:39,3
DA:42,3
DA:45,3
DA:46,3
DA:50,3
DA:51,3
DA:53,3
DA:54,3
DA:55,0
DA:59,3
DA:60,3
DA:64,3
DA:68,0
DA:74,0
DA:76,0
DA:77,0
DA:83,3
DA:84,0
DA:85,0
DA:86,0
DA:87,0
DA:92,3
DA:93,3
DA:94,0
DA:95,0
DA:96,0
DA:102,1
DA:103,1
DA:105,1
DA:106,0
DA:108,0
DA:112,1
BRDA:54,0,0,0
BRDA:54,0,1,3
BRDA:54,1,0,3
BRDA:54,1,1,1
BRDA:74,2,0,0
BRDA:74,2,1,0
BRDA:84,3,0,0
BRDA:84,3,1,0
BRDA:94,4,0,0
BRDA:94,4,1,0
BRDA:23,5,0,3
BRDA:23,5,1,3
end_of_record
SF:src\app\dashboard\components\member-list\member-list.component.html
DA:1,398
DA:4,1
DA:5,3
DA:6,273
DA:7,1
DA:10,1
DA:11,3
DA:12,273
DA:13,1
DA:16,1
DA:17,3
DA:18,273
DA:19,1
DA:22,1
DA:23,3
DA:24,273
DA:25,1
DA:28,1
DA:29,2
DA:30,2
DA:31,272
DA:32,1
DA:33,1
DA:34,1
DA:35,1
DA:36,3
DA:40,1
DA:42,272
DA:43,272
DA:45,1
DA:47,796
DA:48,796
DA:51,0
DA:52,3
DA:53,0
DA:54,0
DA:57,0
DA:58,0
DA:59,0
DA:60,0
DA:61,0
DA:62,0
DA:63,0
DA:64,0
DA:65,3
DA:69,0
DA:71,0
DA:72,0
DA:74,0
end_of_record
SF:src\app\dashboard\components\member-list\member-list.component.ts
DA:10,31
DA:12,4
DA:14,4
DA:17,536
DA:21,800
DA:27,0
BRDA:10,0,0,3
BRDA:10,0,1,3
BRDA:10,1,0,3
BRDA:10,1,1,3
end_of_record
SF:src\app\dashboard\components\project-form-general\project-form-general.component.html
DA:1,398
DA:4,3
DA:5,796
DA:6,799
DA:7,3
DA:8,3
DA:11,3
DA:14,3
DA:18,3
DA:21,3
end_of_record
SF:src\app\dashboard\components\project-form-general\project-form-general.component.ts
DA:22,15
DA:26,3
DA:29,3
DA:40,3
DA:43,3
DA:47,2
DA:48,1
DA:53,1
DA:58,1
DA:60,1
DA:61,0
DA:62,1
DA:63,0
DA:65,1
DA:70,2
BRDA:43,0,0,0
BRDA:43,0,1,3
BRDA:43,1,0,3
BRDA:43,1,1,3
BRDA:47,2,0,1
BRDA:47,2,1,1
BRDA:60,3,0,0
BRDA:60,3,1,1
BRDA:60,4,0,1
BRDA:60,4,1,0
BRDA:62,5,0,0
BRDA:62,5,1,1
BRDA:62,6,0,1
BRDA:62,6,1,1
BRDA:62,6,2,1
BRDA:22,7,0,3
BRDA:22,7,1,3
BRDA:22,8,0,3
BRDA:22,8,1,3
end_of_record
SF:src\app\dashboard\components\project-form-integrations\project-form-integrations.component.html
DA:1,398
end_of_record
SF:src\app\dashboard\components\project-form-integrations\project-form-integrations.component.ts
DA:10,30
DA:11,3
DA:17,1
BRDA:10,0,0,3
BRDA:10,0,1,3
end_of_record
SF:src\app\dashboard\components\project-form-members\project-form-members.component.html
DA:1,3
DA:2,3
DA:3,796
DA:4,3
DA:7,796
DA:8,3
end_of_record
SF:src\app\dashboard\components\project-form-members\project-form-members.component.ts
DA:16,30
DA:18,3
DA:19,3
DA:22,2
DA:27,3
DA:29,3
DA:30,3
DA:31,3
DA:33,3
DA:35,3
DA:38,3
DA:39,3
DA:47,0
DA:51,0
DA:56,0
DA:57,0
DA:59,0
DA:60,0
DA:70,1
DA:72,1
DA:75,1
DA:76,0
DA:78,0
DA:80,1
DA:86,1
DA:87,0
DA:89,0
DA:91,1
BRDA:19,0,0,1
BRDA:19,0,1,2
BRDA:56,1,0,0
BRDA:56,1,1,0
BRDA:59,2,0,0
BRDA:59,2,1,0
BRDA:70,3,0,0
BRDA:70,3,1,1
BRDA:75,4,0,0
BRDA:75,4,1,1
BRDA:86,5,0,0
BRDA:86,5,1,1
BRDA:16,6,0,3
BRDA:16,6,1,3
BRDA:16,7,0,3
BRDA:16,7,1,3
end_of_record
SF:src\app\dashboard\components\project-form-statuses\project-form-statuses.component.html
DA:1,3
DA:2,3
DA:3,796
DA:6,796
DA:7,720
DA:10,3
DA:11,9
DA:12,2169
DA:13,3
DA:16,3
DA:17,9
DA:18,12
DA:19,2160
DA:20,9
DA:21,3
DA:24,3
DA:25,9
DA:26,12
DA:27,2160
DA:28,9
DA:29,3
DA:32,3
DA:33,9
DA:34,12
DA:35,2160
DA:36,9
DA:37,3
DA:40,3
DA:41,6
DA:42,12
DA:43,2160
DA:44,9
DA:45,3
DA:48,3
DA:49,6
DA:50,12
DA:51,2160
DA:52,9
DA:53,9
DA:54,9
DA:55,9
DA:56,18
DA:58,9
DA:59,9
DA:63,3
DA:65,720
DA:66,720
DA:67,3
DA:68,3
DA:70,3
DA:71,2160
DA:72,1440
DA:73,6
DA:74,4320
DA:75,2880
DA:76,12
end_of_record
SF:src\app\dashboard\components\project-form-statuses\project-form-statuses.component.ts
DA:18,15
DA:21,3
DA:23,3
DA:24,3
DA:27,3
DA:30,3
DA:33,3
DA:36,3
DA:38,3
DA:41,3
DA:42,1
DA:46,1
DA:47,0
DA:50,1
DA:51,1
DA:54,2
DA:59,1
DA:61,1
DA:64,1
DA:66,3
DA:67,0
DA:73,1
DA:77,3
DA:80,6
DA:83,0
DA:87,1
DA:92,0
DA:93,0
DA:94,0
DA:98,0
DA:99,0
DA:104,0
DA:108,0
DA:109,0
DA:115,0
DA:120,0
BRDA:41,0,0,1
BRDA:41,0,1,2
BRDA:46,1,0,0
BRDA:46,1,1,1
BRDA:46,2,0,1
BRDA:46,2,1,1
BRDA:59,3,0,0
BRDA:59,3,1,1
BRDA:77,4,0,3
BRDA:77,4,1,3
BRDA:120,5,0,0
BRDA:120,5,1,0
BRDA:18,6,0,3
BRDA:18,6,1,3
BRDA:18,7,0,3
BRDA:18,7,1,3
end_of_record
SF:src\app\dashboard\components\view-options\view-options.component.html
DA:1,30
DA:4,20
DA:5,21
DA:6,20
DA:7,0
DA:8,0
DA:9,1
DA:10,1
DA:11,20
DA:12,1
DA:14,1
DA:15,20
DA:16,1
DA:18,1
DA:19,20
DA:21,1
DA:22,20
DA:24,1
DA:27,1
DA:28,20
DA:29,1
DA:30,20
DA:32,1
DA:36,20
DA:37,1
DA:39,0
DA:41,0
DA:42,0
DA:45,0
DA:49,1
BRDA:4,0,0,0
BRDA:4,0,1,0
BRDA:42,1,0,0
BRDA:42,1,1,0
BRDA:4,2,0,0
BRDA:4,2,1,10
end_of_record
SF:src\app\dashboard\components\view-options\view-options.component.ts
DA:24,31
DA:26,2
DA:29,2
DA:32,2
DA:38,2
DA:40,2
DA:41,2
DA:43,2
DA:45,2
DA:48,2
DA:50,2
DA:59,2
DA:71,2
DA:72,2
DA:73,2
DA:74,2
DA:78,2
DA:79,2
DA:81,2
DA:82,2
DA:83,2
BRDA:24,0,0,1
BRDA:24,0,1,1
BRDA:24,1,0,1
BRDA:24,1,1,1
end_of_record
SF:src\app\dashboard\dashboard.module.ts
DA:56,30
BRDA:56,0,0,15
BRDA:56,0,1,15
end_of_record
SF:src\app\dashboard\dashboard.routing.ts
DA:16,15
DA:24,0
DA:99,1
DA:118,30
BRDA:118,0,0,15
BRDA:118,0,1,15
end_of_record
SF:src\app\dashboard\dialogs\add-member\add-member.dialog.html
DA:1,0
DA:2,0
DA:3,0
DA:6,0
DA:10,0
DA:12,0
DA:13,0
DA:14,0
end_of_record
SF:src\app\dashboard\dialogs\add-member\add-member.dialog.ts
DA:20,31
DA:24,1
DA:29,1
DA:30,1
DA:31,1
DA:35,0
DA:37,0
DA:38,0
DA:40,0
DA:42,0
DA:46,0
BRDA:40,0,0,0
BRDA:40,0,1,0
BRDA:20,1,0,0
BRDA:20,1,1,0
BRDA:20,2,0,0
BRDA:20,2,1,0
end_of_record
SF:src\app\dashboard\dialogs\status\status.dialog.html
DA:1,0
DA:2,0
DA:3,0
DA:6,0
DA:10,0
DA:13,0
DA:16,0
DA:20,0
DA:21,0
DA:22,0
end_of_record
SF:src\app\dashboard\dialogs\status\status.dialog.ts
DA:20,37
DA:21,0
DA:29,0
DA:30,0
DA:34,0
DA:36,0
DA:37,0
DA:42,0
DA:46,0
DA:47,0
BRDA:36,0,0,0
BRDA:46,1,0,0
BRDA:36,0,1,0
BRDA:46,1,1,0
BRDA:20,2,0,0
BRDA:20,2,1,0
BRDA:20,3,0,0
BRDA:20,3,1,0
end_of_record
SF:src\app\dashboard\filters\sprint.filters.ts
DA:7,0
DA:13,0
end_of_record
SF:src\app\dashboard\interfaces\git-integration.interface.ts
end_of_record
SF:src\app\dashboard\interfaces\project-form.interface.ts
end_of_record
SF:src\app\dashboard\interfaces\project-member.interface.ts
end_of_record
SF:src\app\dashboard\interfaces\project.interface.ts
end_of_record
SF:src\app\dashboard\interfaces\saveable.interface.ts
end_of_record
SF:src\app\dashboard\interfaces\workspace.interface.ts
end_of_record
SF:src\app\dashboard\models\file-data.model.ts
end_of_record
SF:src\app\dashboard\models\project-form-stage.enum.ts
DA:1,15
DA:2,15
DA:3,15
DA:4,15
DA:5,15
DA:6,30
BRDA:1,0,0,15
BRDA:1,0,1,15
end_of_record
SF:src\app\dashboard\modules\integration-modules\components\integration-github\integration-github.component.html
DA:1,0
DA:2,0
DA:4,0
DA:6,0
DA:7,0
DA:8,0
DA:9,0
DA:10,0
DA:11,0
DA:12,0
DA:13,0
DA:14,0
DA:15,0
DA:16,0
DA:20,0
DA:23,0
DA:24,0
DA:25,0
DA:27,0
DA:28,0
DA:29,0
DA:30,0
DA:31,0
DA:32,0
DA:33,0
DA:35,0
BRDA:25,0,0,0
BRDA:25,0,1,0
end_of_record
SF:src\app\dashboard\modules\integration-modules\components\integration-github\integration-github.component.ts
DA:20,1
DA:23,0
DA:25,0
DA:33,16
DA:36,1
DA:38,1
DA:39,1
DA:41,1
DA:43,1
DA:45,1
DA:50,0
DA:51,0
DA:56,1
DA:59,1
DA:63,0
DA:69,0
DA:72,0
DA:74,0
DA:76,0
DA:78,0
DA:86,0
DA:94,1
DA:96,1
DA:97,0
BRDA:69,0,0,0
BRDA:69,1,0,0
BRDA:69,1,1,0
BRDA:72,2,0,0
BRDA:74,3,0,0
BRDA:74,3,1,0
BRDA:96,4,0,0
BRDA:69,0,1,0
BRDA:72,2,1,0
BRDA:96,4,1,0
BRDA:33,5,0,0
BRDA:33,5,1,0
BRDA:33,6,0,0
BRDA:33,6,1,0
end_of_record
SF:src\app\dashboard\modules\integration-modules\components\selectable-integration\selectable-integration.component.html
DA:1,0
DA:2,0
DA:3,0
DA:5,0
DA:6,0
DA:7,0
DA:8,0
DA:10,0
BRDA:3,0,0,0
BRDA:3,0,1,0
end_of_record
SF:src\app\dashboard\modules\integration-modules\components\selectable-integration\selectable-integration.component.ts
DA:12,30
DA:18,0
DA:21,0
DA:24,0
BRDA:12,0,0,0
BRDA:12,0,1,0
BRDA:12,1,0,0
BRDA:12,1,1,0
end_of_record
SF:src\app\dashboard\modules\integration-modules\decorators\integration-module\integration-module.decorator.ts
DA:7,16
DA:8,16
end_of_record
SF:src\app\dashboard\modules\integration-modules\dialogs\integration-module-select\integration-module-select.dialog.html
DA:1,0
DA:2,0
DA:3,0
DA:5,0
DA:6,0
DA:7,0
DA:10,0
DA:12,0
DA:13,0
end_of_record
SF:src\app\dashboard\modules\integration-modules\dialogs\integration-module-select\integration-module-select.dialog.ts
DA:14,30
DA:15,0
DA:16,0
DA:18,0
DA:23,0
DA:24,0
DA:25,0
DA:29,0
DA:33,0
DA:35,0
DA:37,0
DA:38,0
BRDA:14,0,0,0
BRDA:14,0,1,0
BRDA:14,1,0,0
BRDA:14,1,1,0
end_of_record
SF:src\app\dashboard\modules\integration-modules\integration-modules.module.ts
DA:16,30
BRDA:16,0,0,15
BRDA:16,0,1,15
end_of_record
SF:src\app\dashboard\modules\integration-modules\interfaces\integration-component.interface.ts
end_of_record
SF:src\app\dashboard\modules\integration-modules\services\integration-module\integration-module.service.ts
DA:16,15
DA:17,15
DA:21,15
DA:24,3
DA:27,15
DA:28,15
DA:29,15
DA:34,15
DA:35,15
DA:36,15
DA:38,15
DA:39,15
DA:40,0
DA:46,0
DA:47,0
DA:51,0
BRDA:38,0,0,15
BRDA:38,0,1,0
BRDA:39,1,0,0
BRDA:39,1,1,15
BRDA:16,2,0,15
BRDA:16,2,1,15
end_of_record
SF:src\app\dashboard\pages\create-project-members\create-project-members.page.ts
DA:20,1
DA:21,1
DA:26,1
DA:48,1
DA:49,1
DA:50,1
DA:51,1
DA:52,1
DA:53,1
DA:55,1
DA:56,1
DA:57,1
DA:58,1
DA:67,0
DA:71,0
DA:76,0
DA:77,0
DA:78,0
DA:79,0
DA:81,0
DA:82,0
DA:83,0
DA:84,0
DA:85,0
DA:89,0
DA:90,0
BRDA:76,0,0,0
BRDA:76,1,0,0
BRDA:76,1,1,0
BRDA:76,2,0,0
BRDA:76,2,1,0
BRDA:76,3,0,0
BRDA:76,3,1,0
BRDA:79,4,0,0
BRDA:82,5,0,0
BRDA:82,5,1,0
end_of_record
SF:src\app\dashboard\pages\create-project\create-project.page.html
DA:1,2
DA:2,2
DA:4,2
DA:5,464
DA:7,2
DA:8,464
DA:10,2
DA:11,464
DA:13,2
DA:14,464
DA:16,2
DA:19,464
DA:22,456
DA:23,456
DA:24,2
DA:27,456
DA:28,456
DA:29,2
DA:32,456
DA:33,456
DA:34,2
DA:37,456
DA:38,456
DA:39,2
DA:40,2
DA:42,2
DA:44,4
end_of_record
SF:src\app\dashboard\pages\create-project\create-project.page.ts
DA:21,15
DA:22,2
DA:23,2
DA:24,2
DA:25,2
DA:28,2
DA:31,2
DA:33,2
DA:35,2
DA:45,2
DA:48,2
DA:49,2
DA:50,2
DA:52,2
DA:53,2
DA:55,2
DA:56,2
DA:66,2
DA:69,1
DA:71,1
DA:73,0
DA:74,0
DA:75,0
DA:76,0
DA:79,0
DA:81,0
DA:83,0
DA:87,0
DA:92,0
DA:96,0
DA:97,0
DA:98,0
DA:103,0
DA:104,0
DA:105,0
BRDA:53,0,0,2
BRDA:53,0,1,0
BRDA:55,1,0,2
BRDA:55,1,1,0
BRDA:66,2,0,1
BRDA:66,2,1,1
BRDA:97,3,0,0
BRDA:97,3,1,0
BRDA:97,4,0,0
BRDA:97,4,1,0
BRDA:104,5,0,0
BRDA:104,5,1,0
BRDA:104,6,0,0
BRDA:104,6,1,0
BRDA:21,7,0,2
BRDA:21,7,1,2
end_of_record
SF:src\app\dashboard\pages\create-workspace\create-workspace.page.html
DA:1,98
DA:2,4
DA:3,2
DA:6,2
DA:7,196
DA:8,4
BRDA:7,0,0,98
BRDA:7,0,1,12
end_of_record
SF:src\app\dashboard\pages\create-workspace\create-workspace.page.ts
DA:19,16
DA:23,3
DA:37,3
DA:44,3
DA:45,2
DA:46,2
DA:47,2
DA:49,1
DA:50,1
DA:51,1
BRDA:44,0,0,1
BRDA:44,1,0,3
BRDA:44,1,1,3
BRDA:44,2,0,2
BRDA:44,2,1,1
BRDA:44,3,0,3
BRDA:44,3,1,3
BRDA:47,4,0,1
BRDA:44,0,1,2
BRDA:47,4,1,1
BRDA:19,5,0,2
BRDA:19,5,1,2
BRDA:19,6,0,2
BRDA:19,6,1,2
end_of_record
SF:src\app\dashboard\pages\edit-project\edit-project.page.html
DA:1,1
DA:2,1
DA:4,1
DA:5,348
DA:7,1
DA:8,348
DA:10,1
DA:11,348
DA:13,1
DA:14,348
DA:16,1
DA:19,348
DA:20,348
DA:23,340
DA:24,340
DA:25,1
DA:28,340
DA:29,340
DA:30,1
DA:33,340
DA:34,340
DA:35,1
DA:38,340
DA:39,340
DA:40,1
DA:42,1
DA:43,1
DA:45,1
DA:46,1
DA:47,2
end_of_record
SF:src\app\dashboard\pages\edit-project\edit-project.page.ts
DA:22,15
DA:23,1
DA:24,1
DA:25,1
DA:26,1
DA:30,1
DA:32,1
DA:40,1
DA:43,1
DA:44,1
DA:45,1
DA:46,1
DA:48,1
DA:50,1
DA:54,1
DA:55,1
DA:64,1
DA:66,1
DA:68,1
DA:70,1
DA:72,1
DA:76,1
DA:81,0
DA:85,0
BRDA:22,0,0,1
BRDA:22,0,1,1
end_of_record
SF:src\app\dashboard\pages\edit-workspace\edit-workspace.page.html
DA:1,130
DA:2,391
DA:3,1
DA:6,1
DA:7,260
DA:8,2
BRDA:2,0,0,18
BRDA:2,0,1,112
BRDA:7,1,0,130
BRDA:7,1,1,2
end_of_record
SF:src\app\dashboard\pages\edit-workspace\edit-workspace.page.ts
DA:18,31
DA:22,2
DA:45,2
DA:46,2
DA:47,2
DA:49,2
DA:51,2
DA:59,2
DA:60,2
DA:61,1
DA:70,1
DA:71,1
DA:72,1
DA:73,1
DA:75,1
DA:76,1
DA:77,1
BRDA:70,0,0,0
BRDA:70,1,0,1
BRDA:70,1,1,1
BRDA:70,2,0,1
BRDA:70,2,1,0
BRDA:70,3,0,1
BRDA:70,3,1,1
BRDA:73,4,0,0
BRDA:70,0,1,1
BRDA:73,4,1,1
BRDA:18,5,0,1
BRDA:18,5,1,1
BRDA:18,6,0,1
BRDA:18,6,1,1
end_of_record
SF:src\app\dashboard\pages\github-integration\github-integration.page.html
DA:1,0
DA:3,0
DA:4,0
DA:6,0
end_of_record
SF:src\app\dashboard\pages\github-integration\github-integration.page.ts
DA:8,31
BRDA:8,0,0,0
BRDA:8,0,1,0
BRDA:8,1,0,0
BRDA:8,1,1,0
end_of_record
SF:src\app\dashboard\pages\project\project.page.html
DA:1,1
end_of_record
SF:src\app\dashboard\pages\project\project.page.ts
DA:14,30
DA:16,1
DA:17,1
DA:20,1
DA:21,1
DA:22,1
DA:26,1
DA:27,1
DA:28,1
DA:29,1
BRDA:14,0,0,1
BRDA:14,0,1,1
end_of_record
SF:src\app\dashboard\pages\projects-list\projects-list.page.html
DA:2,5
DA:3,249
DA:4,244
DA:8,244
DA:11,5
DA:12,15
DA:13,166
DA:14,5
DA:17,5
DA:18,15
DA:19,7
DA:20,5
DA:23,5
DA:24,15
DA:25,7
DA:26,5
DA:29,5
DA:30,10
DA:31,7
DA:32,164
DA:33,2
DA:34,2
DA:35,2
DA:36,6
DA:37,5
DA:39,6
DA:40,5
DA:44,5
DA:46,244
DA:47,244
DA:48,5
BRDA:3,0,0,28
BRDA:3,0,1,94
BRDA:8,1,0,122
BRDA:8,1,1,40
end_of_record
SF:src\app\dashboard\pages\projects-list\projects-list.page.ts
DA:16,31
DA:20,6
DA:25,6
DA:26,6
DA:27,6
DA:28,6
DA:29,6
DA:31,6
DA:33,6
DA:35,6
DA:36,6
DA:37,2
DA:42,1
DA:46,0
DA:50,1
DA:51,1
DA:52,1
BRDA:16,0,0,5
BRDA:16,0,1,5
BRDA:16,1,0,5
BRDA:16,1,1,5
end_of_record
SF:src\app\dashboard\pages\workspaces-list\workspaces-list.page.html
DA:2,16
DA:3,16
DA:4,1256
DA:5,16
DA:9,1256
DA:12,16
DA:13,48
DA:14,251
DA:15,16
DA:18,16
DA:19,48
DA:20,23
DA:21,16
DA:24,16
DA:25,48
DA:26,23
DA:27,16
DA:30,16
DA:31,32
DA:32,23
DA:33,244
DA:34,7
DA:35,7
DA:36,7
DA:37,11
DA:38,14
DA:40,11
DA:41,14
DA:45,16
DA:47,1256
DA:48,1256
DA:49,16
BRDA:9,0,0,628
BRDA:9,0,1,494
end_of_record
SF:src\app\dashboard\pages\workspaces-list\workspaces-list.page.ts
DA:20,17
DA:28,17
DA:29,17
DA:30,17
DA:31,17
DA:37,17
DA:48,17
DA:55,17
DA:63,1
DA:64,1
DA:66,1
DA:76,1
DA:80,4
BRDA:20,0,0,16
BRDA:20,0,1,16
BRDA:20,1,0,14
BRDA:20,1,1,14
end_of_record
SF:src\app\dashboard\services\git-integration\git-integration.service.ts
DA:25,19
DA:34,21
DA:35,21
DA:36,21
DA:38,21
DA:41,21
DA:62,0
DA:63,0
DA:65,0
DA:67,0
DA:69,0
DA:70,0
DA:71,0
DA:83,0
DA:92,1
DA:104,0
DA:121,19
DA:122,1
DA:126,0
DA:137,0
DA:149,0
DA:162,0
DA:171,0
DA:184,0
DA:199,0
DA:200,0
DA:209,0
DA:213,0
DA:215,0
BRDA:67,0,0,0
BRDA:215,1,0,0
BRDA:215,1,1,0
BRDA:67,0,1,0
BRDA:25,2,0,18
BRDA:25,2,1,18
end_of_record
SF:src\app\dashboard\services\member\member.service.ts
DA:16,19
DA:19,31
DA:28,31
DA:29,31
DA:38,6
DA:54,0
DA:69,0
DA:86,0
DA:95,2
DA:97,0
DA:98,0
DA:99,0
DA:106,0
DA:107,0
BRDA:16,0,0,18
BRDA:16,0,1,18
end_of_record
SF:src\app\dashboard\services\project\project.service.ts
DA:17,19
DA:20,30
DA:33,30
DA:34,30
DA:35,30
DA:37,30
DA:47,19
DA:48,3
DA:62,1
DA:76,1
DA:90,1
DA:102,0
DA:104,0
DA:105,0
DA:106,0
DA:113,19
DA:114,0
DA:120,0
DA:121,0
DA:123,0
DA:127,0
BRDA:17,0,0,18
BRDA:17,0,1,18
end_of_record
SF:src\app\dashboard\services\workspace\workspace.service.ts
DA:15,19
DA:18,34
DA:30,34
DA:31,34
DA:40,19
DA:41,9
DA:54,1
DA:68,1
DA:81,19
DA:82,16
DA:91,1
DA:104,1
DA:106,1
DA:107,1
DA:109,1
DA:110,0
DA:112,1
BRDA:109,0,0,0
BRDA:109,0,1,1
BRDA:15,1,0,18
BRDA:15,1,1,18
end_of_record
SF:src\app\emails\emails.module.ts
end_of_record
SF:src\app\emails\emails.routing.ts
end_of_record
SF:src\app\landing-page\landing-page\landing-page.component.html
DA:1,0
end_of_record
SF:src\app\landing-page\landing-page\landing-page.component.ts
DA:8,37
BRDA:8,0,0,0
BRDA:8,0,1,0
end_of_record
SF:src\app\meetings\meetings.module.ts
end_of_record
SF:src\app\meetings\meetings.routing.ts
end_of_record
SF:src\app\messages\components\message-group\message-group.component.ts
end_of_record
SF:src\app\messages\components\message\message.component.ts
end_of_record
SF:src\app\messages\components\messenger-sidebar\messenger-sidebar.component.ts
end_of_record
SF:src\app\messages\interfaces\message.interface.ts
end_of_record
SF:src\app\messages\interfaces\slack-integration.interface.ts
end_of_record
SF:src\app\messages\interfaces\slack.interface.ts
end_of_record
SF:src\app\messages\messages.module.ts
end_of_record
SF:src\app\messages\messages.routing.ts
end_of_record
SF:src\app\messages\pages\conversation\conversation.page.ts
end_of_record
SF:src\app\messages\pages\messenger-summary\messenger-summary.page.ts
end_of_record
SF:src\app\messages\pages\messenger\messenger.page.ts
end_of_record
SF:src\app\messages\services\slack-integration.service.ts
DA:24,16
DA:32,17
DA:48,17
DA:49,17
DA:50,17
DA:51,17
DA:53,17
DA:57,0
DA:59,0
DA:61,0
DA:62,0
DA:63,0
DA:69,19
DA:70,16
DA:79,16
DA:81,22
DA:83,0
DA:84,0
DA:98,16
DA:100,0
DA:102,0
DA:103,0
DA:115,19
DA:116,0
DA:126,19
DA:131,0
DA:145,19
DA:146,0
DA:156,0
DA:158,0
DA:160,0
DA:162,0
DA:163,0
DA:176,0
DA:177,0
DA:182,0
DA:184,0
DA:185,0
DA:187,0
DA:188,0
DA:198,0
DA:208,0
DA:218,0
DA:219,0
DA:225,0
DA:232,0
DA:236,0
DA:238,0
BRDA:59,0,0,0
BRDA:133,1,0,0
BRDA:133,1,1,0
BRDA:160,2,0,0
BRDA:184,3,0,0
BRDA:185,4,0,0
BRDA:218,5,0,0
BRDA:59,0,1,0
BRDA:160,2,1,0
BRDA:184,3,1,0
BRDA:185,4,1,0
BRDA:218,5,1,0
BRDA:24,6,0,15
BRDA:24,6,1,15
end_of_record
SF:src\app\releases\components\release-progress-bar\release-progress-bar.component.ts
end_of_record
SF:src\app\releases\components\release-progress-bar\release-progress-bar.stories.ts
end_of_record
SF:src\app\releases\dialog\release\release.dialog.html
DA:1,0
DA:2,0
DA:3,0
DA:4,0
DA:7,0
DA:8,0
DA:9,0
DA:10,0
DA:11,0
DA:15,0
DA:19,0
DA:20,0
DA:23,0
DA:27,0
DA:29,0
DA:30,0
DA:31,0
DA:32,0
DA:33,0
DA:34,0
DA:35,0
BRDA:1,0,0,0
BRDA:1,0,1,0
end_of_record
SF:src\app\releases\dialog\release\release.dialog.ts
DA:12,19
DA:13,19
DA:14,19
DA:28,37
DA:29,0
DA:32,0
DA:34,0
DA:43,0
DA:44,0
DA:45,0
DA:49,0
DA:50,0
DA:51,0
DA:52,0
DA:57,0
DA:58,0
DA:63,0
DA:15,36
BRDA:12,0,0,19
BRDA:12,0,1,19
BRDA:51,1,0,0
BRDA:57,2,0,0
BRDA:51,1,1,0
BRDA:57,2,1,0
BRDA:28,3,0,0
BRDA:28,3,1,0
BRDA:28,4,0,0
BRDA:28,4,1,0
end_of_record
SF:src\app\releases\interfaces\release.interface.ts
end_of_record
SF:src\app\releases\pages\release.page\release.page.ts
end_of_record
SF:src\app\releases\pages\releases-list\releases-list.page.ts
end_of_record
SF:src\app\releases\releases.module.ts
end_of_record
SF:src\app\releases\releases.routing.ts
end_of_record
SF:src\app\releases\services\release.service.ts
DA:20,1
DA:25,0
DA:41,0
DA:42,0
DA:43,0
DA:44,0
DA:46,0
DA:50,19
DA:51,0
DA:60,19
DA:61,0
DA:70,0
DA:80,0
DA:92,0
DA:96,0
DA:105,0
DA:115,0
DA:116,0
DA:122,0
DA:134,0
DA:135,0
DA:137,0
DA:144,0
DA:157,0
DA:158,0
DA:160,0
BRDA:115,0,0,0
BRDA:134,1,0,0
BRDA:134,1,1,0
BRDA:157,2,0,0
BRDA:157,2,1,0
BRDA:115,0,1,0
BRDA:20,3,0,0
BRDA:20,3,1,0
end_of_record
SF:src\app\settings\components\integration-entry\integration-entry.component.ts
DA:8,1
DA:12,1
DA:14,1
end_of_record
SF:src\app\settings\components\list-group\list-group.component.ts
DA:8,1
end_of_record
SF:src\app\settings\interfaces\session.interface.ts
end_of_record
SF:src\app\settings\pages\settings-account\settings-account.page.ts
DA:13,1
DA:15,1
DA:16,1
DA:17,1
DA:20,1
DA:28,1
DA:29,0
DA:34,0
DA:35,0
DA:36,0
DA:38,0
DA:39,0
DA:44,0
DA:46,0
DA:47,0
DA:52,0
DA:54,0
BRDA:36,0,0,0
end_of_record
SF:src\app\settings\pages\settings-integrations\settings-integrations.page.ts
DA:21,1
DA:26,1
DA:29,1
DA:30,1
DA:34,1
DA:35,1
DA:39,0
DA:43,1
DA:45,0
DA:46,0
DA:56,0
DA:57,0
DA:62,0
DA:64,0
DA:68,0
DA:72,1
DA:76,0
DA:77,0
end_of_record
SF:src\app\settings\pages\settings-localization\settings-localization.page.ts
DA:14,1
DA:15,1
DA:22,1
DA:53,4
DA:58,3
DA:63,1
DA:66,1
DA:67,0
DA:72,0
DA:73,0
DA:75,0
DA:76,0
DA:78,0
DA:84,0
BRDA:75,0,0,0
BRDA:75,0,1,0
end_of_record
SF:src\app\settings\pages\settings-sessions\settings-sessions.page.ts
DA:13,1
DA:16,1
DA:18,1
DA:22,0
DA:23,0
DA:25,0
DA:26,0
DA:27,0
DA:29,0
DA:32,0
DA:37,0
DA:38,0
DA:39,0
DA:40,0
DA:41,0
DA:43,0
DA:44,0
DA:46,0
DA:50,0
DA:51,0
DA:52,0
DA:54,0
DA:55,0
DA:56,0
DA:58,0
DA:62,0
BRDA:25,0,0,0
BRDA:25,0,1,0
BRDA:26,1,0,0
BRDA:26,1,1,0
BRDA:38,2,0,0
BRDA:38,2,1,0
BRDA:39,3,0,0
BRDA:39,3,1,0
BRDA:40,4,0,0
BRDA:43,5,0,0
BRDA:51,6,0,0
BRDA:54,7,0,0
BRDA:55,8,0,0
end_of_record
SF:src\app\settings\pages\settings\settings.page.ts
DA:9,1
DA:10,1
DA:11,1
DA:12,1
DA:13,1
end_of_record
SF:src\app\settings\services\sessions.service.ts
DA:11,1
DA:12,2
DA:18,2
DA:19,2
DA:23,1
DA:27,0
end_of_record
SF:src\app\settings\settings.module.ts
end_of_record
SF:src\app\settings\settings.routing.ts
end_of_record
SF:src\app\tasks\components\assignee\assignee.component.html
DA:2,0
DA:3,0
DA:4,0
DA:5,0
DA:6,0
DA:8,0
DA:11,0
DA:12,0
DA:13,0
DA:14,0
DA:15,0
DA:16,0
DA:19,0
DA:20,0
DA:21,0
DA:22,0
BRDA:3,0,0,0
BRDA:3,0,1,0
BRDA:4,1,0,0
BRDA:4,1,1,0
BRDA:5,2,0,0
BRDA:5,2,1,0
BRDA:8,3,0,0
BRDA:8,3,1,0
end_of_record
SF:src\app\tasks\components\assignee\assignee.component.ts
DA:19,16
DA:21,0
DA:23,0
DA:24,0
DA:26,0
DA:30,16
DA:34,0
DA:35,0
DA:36,0
DA:38,0
DA:39,0
DA:40,0
DA:41,0
DA:42,0
DA:44,0
DA:52,1
DA:54,1
DA:55,1
DA:59,0
DA:63,0
DA:67,1
DA:68,1
DA:71,1
DA:75,0
DA:76,0
DA:80,0
DA:82,0
DA:83,0
DA:88,0
DA:92,0
DA:93,0
DA:95,0
DA:99,0
DA:100,0
DA:103,0
DA:104,0
BRDA:23,0,0,0
BRDA:23,0,1,0
BRDA:24,1,0,0
BRDA:24,1,1,0
BRDA:24,2,0,0
BRDA:24,2,1,0
BRDA:34,3,0,0
BRDA:34,3,1,0
BRDA:39,4,0,0
BRDA:80,5,0,0
BRDA:80,5,1,0
BRDA:80,6,0,0
BRDA:80,6,1,0
BRDA:92,7,0,0
BRDA:99,8,0,0
BRDA:99,9,0,0
BRDA:99,9,1,0
BRDA:101,10,0,0
BRDA:101,10,1,0
BRDA:101,11,0,0
BRDA:101,11,1,0
BRDA:101,12,0,0
BRDA:101,12,1,0
BRDA:39,4,1,0
BRDA:92,7,1,0
BRDA:99,8,1,0
BRDA:19,13,0,0
BRDA:19,13,1,0
BRDA:17,14,0,0
BRDA:17,14,1,0
end_of_record
SF:src\app\tasks\components\board-task\board-task.component.html
DA:1,0
DA:3,0
DA:4,0
DA:6,0
DA:7,0
DA:8,0
DA:10,0
DA:11,0
DA:13,0
DA:14,0
DA:15,0
DA:16,0
DA:17,0
DA:20,0
DA:21,0
DA:22,0
DA:23,0
DA:24,0
DA:25,0
DA:26,0
DA:27,0
DA:28,0
DA:29,0
DA:30,0
DA:31,0
DA:32,0
DA:33,0
DA:34,0
DA:35,0
DA:36,0
DA:37,0
DA:38,0
DA:39,0
DA:40,0
DA:41,0
DA:43,0
DA:44,0
DA:46,0
DA:47,0
BRDA:4,0,0,0
BRDA:4,0,1,0
BRDA:4,1,0,0
BRDA:4,1,1,0
end_of_record
SF:src\app\tasks\components\board-task\board-task.component.ts
DA:13,31
DA:21,1
DA:23,1
DA:24,1
DA:25,1
DA:27,1
DA:30,0
DA:31,0
DA:36,0
DA:37,0
DA:42,0
DA:43,0
DA:45,0
BRDA:43,0,0,0
BRDA:43,0,1,0
BRDA:13,1,0,0
BRDA:13,1,1,0
BRDA:13,2,0,0
BRDA:13,2,1,0
end_of_record
SF:src\app\tasks\components\input-assignee\input-assignee.component.html
DA:1,0
DA:2,0
DA:3,0
DA:4,0
DA:5,0
DA:7,0
DA:9,0
DA:11,0
DA:12,0
DA:15,0
DA:17,0
DA:19,0
DA:20,0
DA:23,0
DA:26,0
DA:27,0
DA:29,0
DA:30,0
DA:31,0
DA:34,0
BRDA:4,0,0,0
BRDA:4,0,1,0
BRDA:2,1,0,0
BRDA:2,1,1,0
end_of_record
SF:src\app\tasks\components\input-assignee\input-assignee.component.ts
DA:14,31
DA:18,0
DA:19,0
DA:22,0
DA:25,0
DA:28,0
DA:29,0
DA:31,0
DA:38,0
BRDA:14,0,0,0
BRDA:14,0,1,0
BRDA:14,1,0,0
BRDA:14,1,1,0
end_of_record
SF:src\app\tasks\components\input-epic\input-epic.component.html
DA:1,0
DA:2,0
DA:3,0
DA:4,0
end_of_record
SF:src\app\tasks\components\input-epic\input-epic.component.ts
DA:14,31
DA:19,0
DA:20,0
DA:21,0
DA:26,0
DA:30,0
DA:31,0
DA:35,0
DA:38,0
DA:40,0
DA:42,0
DA:43,0
DA:47,0
DA:51,0
DA:52,0
DA:56,0
DA:60,0
BRDA:20,0,0,0
BRDA:30,1,0,0
BRDA:30,1,1,0
BRDA:51,2,0,0
BRDA:51,3,0,0
BRDA:51,3,1,0
BRDA:20,0,1,0
BRDA:51,2,1,0
BRDA:14,4,0,0
BRDA:14,4,1,0
BRDA:14,5,0,0
BRDA:14,5,1,0
end_of_record
SF:src\app\tasks\components\input-issue\input-issue.component.html
DA:1,0
DA:2,0
DA:4,0
DA:5,0
DA:6,0
end_of_record
SF:src\app\tasks\components\input-issue\input-issue.component.ts
DA:12,31
DA:14,0
DA:15,0
DA:16,0
DA:21,0
DA:25,0
DA:26,0
DA:30,0
DA:33,0
DA:35,0
DA:39,0
DA:42,0
DA:46,0
DA:47,0
BRDA:15,0,0,0
BRDA:25,1,0,0
BRDA:25,1,1,0
BRDA:15,0,1,0
BRDA:12,2,0,0
BRDA:12,2,1,0
BRDA:12,3,0,0
BRDA:12,3,1,0
end_of_record
SF:src\app\tasks\components\input-pull-request\input-pull-request.component.html
DA:1,0
DA:2,0
DA:4,0
DA:5,0
end_of_record
SF:src\app\tasks\components\input-pull-request\input-pull-request.component.ts
DA:14,31
DA:19,0
DA:20,0
DA:21,0
DA:26,0
DA:30,0
DA:31,0
DA:35,0
DA:38,0
DA:40,0
DA:44,0
DA:47,0
DA:51,0
DA:52,0
DA:56,0
DA:57,0
DA:61,0
DA:65,0
DA:66,0
BRDA:20,0,0,0
BRDA:30,1,0,0
BRDA:30,1,1,0
BRDA:56,2,0,0
BRDA:56,3,0,0
BRDA:56,3,1,0
BRDA:20,0,1,0
BRDA:56,2,1,0
BRDA:14,4,0,0
BRDA:14,4,1,0
BRDA:14,5,0,0
BRDA:14,5,1,0
end_of_record
SF:src\app\tasks\components\input-task-parent\input-task-parent.component.html
DA:1,0
DA:2,0
DA:4,0
DA:6,0
DA:8,0
end_of_record
SF:src\app\tasks\components\input-task-parent\input-task-parent.component.ts
DA:18,31
DA:23,0
DA:24,0
DA:25,0
DA:30,0
DA:31,0
DA:32,0
DA:37,0
DA:41,0
DA:42,0
DA:46,0
DA:49,0
DA:52,0
DA:54,0
DA:55,0
DA:59,0
DA:60,0
DA:64,0
DA:66,0
DA:68,0
DA:70,0
DA:74,0
DA:75,0
DA:79,0
DA:83,0
BRDA:24,0,0,0
BRDA:24,1,0,0
BRDA:24,1,1,0
BRDA:31,2,0,0
BRDA:31,3,0,0
BRDA:31,3,1,0
BRDA:41,4,0,0
BRDA:41,4,1,0
BRDA:64,5,0,0
BRDA:68,6,0,0
BRDA:68,6,1,0
BRDA:74,7,0,0
BRDA:74,8,0,0
BRDA:74,8,1,0
BRDA:24,0,1,0
BRDA:31,2,1,0
BRDA:64,5,1,0
BRDA:74,7,1,0
BRDA:18,9,0,0
BRDA:18,9,1,0
BRDA:18,10,0,0
BRDA:18,10,1,0
end_of_record
SF:src\app\tasks\components\input-task-property\input-task-property.component.html
DA:1,0
DA:2,0
DA:3,0
DA:4,0
DA:5,0
DA:7,0
DA:9,0
DA:10,0
BRDA:4,0,0,0
BRDA:4,0,1,0
end_of_record
SF:src\app\tasks\components\input-task-property\input-task-property.component.ts
DA:9,31
DA:10,0
DA:13,0
DA:14,0
DA:15,0
DA:16,0
DA:17,0
DA:20,0
DA:24,0
DA:26,0
DA:27,0
DA:31,0
DA:32,0
DA:35,0
DA:38,0
DA:41,0
DA:45,0
BRDA:14,0,0,0
BRDA:14,0,1,0
BRDA:9,1,0,0
BRDA:9,1,1,0
end_of_record
SF:src\app\tasks\components\status-label\status-label.component.html
DA:2,0
DA:3,0
DA:4,0
DA:5,0
DA:9,0
DA:12,0
DA:13,0
DA:14,0
DA:15,0
DA:16,0
DA:19,0
BRDA:3,0,0,0
BRDA:3,0,1,0
BRDA:4,1,0,0
BRDA:4,1,1,0
BRDA:5,2,0,0
BRDA:5,2,1,0
BRDA:9,3,0,0
BRDA:9,3,1,0
end_of_record
SF:src\app\tasks\components\status-label\status-label.component.ts
DA:15,31
DA:16,1
DA:21,0
DA:22,0
DA:23,0
DA:24,0
DA:28,1
DA:31,1
DA:32,1
DA:35,1
DA:40,1
DA:41,1
DA:44,0
DA:48,0
DA:52,0
DA:53,0
DA:56,0
DA:58,0
DA:59,0
DA:64,0
DA:68,0
DA:69,0
DA:71,0
DA:75,0
DA:76,0
DA:77,0
DA:78,0
BRDA:56,0,0,0
BRDA:56,0,1,0
BRDA:56,1,0,0
BRDA:56,1,1,0
BRDA:68,2,0,0
BRDA:75,3,0,0
BRDA:75,4,0,0
BRDA:75,4,1,0
BRDA:68,2,1,0
BRDA:75,3,1,0
BRDA:15,5,0,0
BRDA:15,5,1,0
end_of_record
SF:src\app\tasks\components\task-list\task-list.component.html
DA:1,0
DA:5,0
DA:6,0
DA:7,0
DA:8,0
DA:9,0
DA:10,0
DA:11,0
DA:14,0
DA:17,0
DA:18,0
DA:19,0
DA:20,0
end_of_record
SF:src\app\tasks\components\task-list\task-list.component.ts
DA:11,31
DA:12,0
DA:15,0
DA:17,0
DA:22,0
BRDA:11,0,0,0
BRDA:11,0,1,0
end_of_record
SF:src\app\tasks\components\task-row\task-row.component.html
DA:1,0
DA:4,0
DA:6,0
DA:7,0
DA:8,0
DA:9,0
DA:10,0
DA:12,0
DA:13,0
DA:14,0
DA:16,0
DA:17,0
DA:18,0
DA:19,0
DA:20,0
DA:21,0
DA:22,0
DA:23,0
DA:27,0
DA:28,0
DA:31,0
DA:34,0
DA:35,0
DA:38,0
DA:41,0
DA:42,0
DA:43,0
DA:46,0
DA:49,0
DA:50,0
DA:54,0
DA:55,0
DA:56,0
DA:57,0
DA:58,0
DA:59,0
DA:60,0
DA:62,0
DA:63,0
DA:65,0
DA:66,0
DA:71,0
DA:72,0
DA:73,0
DA:74,0
DA:75,0
DA:76,0
BRDA:72,0,0,0
BRDA:72,0,1,0
BRDA:73,1,0,0
BRDA:73,1,1,0
BRDA:6,2,0,0
BRDA:6,2,1,0
BRDA:35,3,0,0
BRDA:35,3,1,0
BRDA:35,3,2,0
BRDA:35,3,3,0
BRDA:71,4,0,0
BRDA:71,4,1,0
end_of_record
SF:src\app\tasks\components\task-row\task-row.component.ts
DA:18,31
DA:21,0
DA:23,0
DA:27,0
DA:28,0
DA:31,0
DA:34,0
DA:37,0
DA:40,0
DA:42,0
DA:45,0
DA:49,0
DA:53,0
DA:57,0
DA:58,0
DA:60,0
DA:65,0
DA:69,0
DA:73,0
DA:77,0
BRDA:45,0,0,0
BRDA:45,0,1,0
BRDA:45,1,0,0
BRDA:45,1,1,0
BRDA:45,2,0,0
BRDA:45,2,1,0
BRDA:57,3,0,0
BRDA:57,3,1,0
BRDA:18,4,0,0
BRDA:18,4,1,0
end_of_record
SF:src\app\tasks\components\task-view-options\task-view-options.component.html
DA:1,30
DA:2,40
DA:3,40
DA:4,1
DA:6,40
DA:8,1
DA:11,40
DA:12,1
DA:14,1
end_of_record
SF:src\app\tasks\components\task-view-options\task-view-options.component.ts
DA:15,31
DA:16,2
DA:17,2
DA:18,2
DA:23,2
DA:29,2
DA:32,2
DA:34,2
DA:36,2
DA:37,2
DA:39,2
DA:40,2
DA:44,0
DA:45,0
DA:50,2
DA:51,1
BRDA:50,0,0,1
BRDA:50,0,1,0
BRDA:15,1,0,1
BRDA:15,1,1,1
BRDA:15,2,0,1
BRDA:15,2,1,1
end_of_record
SF:src\app\tasks\components\tasks-board\tasks-board.component.html
DA:1,0
DA:2,0
DA:3,0
DA:4,0
DA:5,0
DA:7,0
DA:8,0
DA:11,0
DA:12,0
DA:13,0
DA:15,0
DA:16,0
DA:17,0
DA:18,0
DA:19,0
DA:20,0
DA:21,0
DA:22,0
DA:23,0
DA:24,0
DA:25,0
DA:26,0
DA:27,0
DA:28,0
DA:29,0
DA:30,0
DA:31,0
DA:34,0
DA:35,0
DA:36,0
DA:39,0
DA:41,0
DA:42,0
DA:45,0
DA:47,0
DA:48,0
DA:49,0
DA:50,0
DA:51,0
DA:52,0
DA:53,0
DA:55,0
DA:57,0
DA:59,0
end_of_record
SF:src\app\tasks\components\tasks-board\tasks-board.component.ts
DA:24,31
DA:25,1
DA:28,1
DA:31,1
DA:34,1
DA:37,1
DA:40,1
DA:43,1
DA:45,1
DA:48,1
DA:49,1
DA:50,1
DA:52,1
DA:54,1
DA:58,0
DA:62,0
DA:65,0
DA:66,0
DA:67,0
DA:68,0
DA:69,0
DA:71,0
DA:72,0
DA:73,0
DA:75,0
DA:76,0
DA:78,0
DA:88,0
DA:89,0
DA:97,0
DA:99,0
DA:102,0
DA:107,0
DA:114,0
DA:115,0
DA:116,0
DA:123,0
DA:127,0
DA:131,0
DA:132,0
DA:133,0
BRDA:58,0,0,0
BRDA:58,0,1,0
BRDA:58,1,0,0
BRDA:58,1,1,0
BRDA:75,2,0,0
BRDA:75,2,1,0
BRDA:88,3,0,0
BRDA:88,3,1,0
BRDA:88,4,0,0
BRDA:88,4,1,0
BRDA:97,5,0,0
BRDA:114,6,0,0
BRDA:123,7,0,0
BRDA:123,7,1,0
BRDA:132,8,0,0
BRDA:132,8,1,0
BRDA:97,5,1,0
BRDA:114,6,1,0
BRDA:24,9,0,0
BRDA:24,9,1,0
BRDA:24,10,0,0
BRDA:24,10,1,0
end_of_record
SF:src\app\tasks\components\tracker\tracker-entry\tracker-entry.component.html
DA:1,0
DA:2,0
DA:3,0
DA:4,0
DA:7,0
DA:10,0
DA:11,0
DA:12,0
DA:13,0
DA:14,0
DA:15,0
DA:16,0
end_of_record
SF:src\app\tasks\components\tracker\tracker-entry\tracker-entry.component.ts
DA:20,16
DA:22,0
DA:23,0
DA:26,0
DA:29,0
DA:31,0
DA:36,0
DA:37,0
DA:42,0
DA:44,0
DA:45,0
DA:49,0
DA:50,0
DA:52,0
DA:53,0
DA:54,0
DA:60,0
DA:61,0
DA:62,0
DA:65,0
DA:69,0
DA:74,0
DA:75,0
DA:79,0
DA:82,0
DA:86,0
BRDA:50,0,0,0
BRDA:50,1,0,0
BRDA:50,1,1,0
BRDA:53,2,0,0
BRDA:60,3,0,0
BRDA:74,4,0,0
BRDA:74,4,1,0
BRDA:50,0,1,0
BRDA:53,2,1,0
BRDA:60,3,1,0
BRDA:20,5,0,0
BRDA:20,5,1,0
end_of_record
SF:src\app\tasks\components\tracker\tracker.component.html
DA:1,0
DA:2,0
DA:3,0
DA:6,0
DA:7,0
DA:8,0
DA:9,0
DA:12,0
DA:13,0
DA:15,0
DA:17,0
DA:18,0
DA:19,0
DA:20,0
DA:22,0
DA:25,0
DA:26,0
BRDA:20,0,0,0
BRDA:20,0,1,0
BRDA:3,1,0,0
BRDA:3,1,1,0
BRDA:8,2,0,0
BRDA:8,2,1,0
BRDA:7,3,0,0
BRDA:7,3,1,0
BRDA:12,4,0,0
BRDA:12,4,1,0
end_of_record
SF:src\app\tasks\components\tracker\tracker.component.ts
DA:19,16
DA:24,0
DA:25,0
DA:26,0
DA:27,0
DA:29,0
DA:30,0
DA:31,0
DA:35,0
DA:39,0
DA:42,0
DA:45,0
DA:48,0
DA:51,0
DA:53,0
DA:55,0
DA:57,0
DA:58,0
DA:61,0
DA:65,0
DA:69,0
DA:70,0
DA:71,0
DA:75,0
DA:77,0
DA:81,0
DA:86,0
DA:90,0
DA:94,0
DA:95,0
DA:97,0
DA:101,0
DA:102,0
DA:106,0
DA:107,0
DA:111,0
DA:112,0
DA:114,0
DA:118,0
DA:122,0
DA:126,0
DA:127,0
DA:20,0
BRDA:30,0,0,0
BRDA:30,1,0,0
BRDA:30,1,1,0
BRDA:30,1,2,0
BRDA:30,2,0,0
BRDA:30,2,1,0
BRDA:30,3,0,0
BRDA:30,3,1,0
BRDA:94,4,0,0
BRDA:111,5,0,0
BRDA:30,0,1,0
BRDA:94,4,1,0
BRDA:111,5,1,0
BRDA:19,6,0,0
BRDA:19,6,1,0
BRDA:17,7,0,0
BRDA:17,7,1,0
end_of_record
SF:src\app\tasks\dialogs\sprint\sprint.dialog.html
DA:1,0
DA:2,0
DA:3,0
DA:4,0
DA:7,0
DA:8,0
DA:9,0
DA:10,0
DA:11,0
DA:15,0
DA:19,0
DA:20,0
DA:23,0
DA:28,0
DA:32,0
DA:34,0
DA:35,0
DA:36,0
DA:37,0
DA:38,0
DA:39,0
DA:40,0
BRDA:1,0,0,0
BRDA:1,0,1,0
end_of_record
SF:src\app\tasks\dialogs\sprint\sprint.dialog.ts
DA:18,19
DA:19,19
DA:20,19
DA:35,19
DA:36,0
DA:39,0
DA:41,0
DA:51,0
DA:54,0
DA:55,0
DA:56,0
DA:57,0
DA:61,0
DA:63,0
DA:64,0
DA:65,0
DA:66,0
DA:71,0
DA:73,0
DA:77,0
DA:78,0
DA:83,0
DA:21,36
BRDA:18,0,0,19
BRDA:18,0,1,19
BRDA:48,1,0,0
BRDA:48,1,1,0
BRDA:48,2,0,0
BRDA:48,2,1,0
BRDA:48,3,0,0
BRDA:48,3,1,0
BRDA:65,4,0,0
BRDA:73,5,0,0
BRDA:73,6,0,0
BRDA:73,6,1,0
BRDA:77,7,0,0
BRDA:65,4,1,0
BRDA:73,5,1,0
BRDA:77,7,1,0
BRDA:35,8,0,0
BRDA:35,8,1,0
BRDA:35,9,0,0
BRDA:35,9,1,0
end_of_record
SF:src\app\tasks\dialogs\task\task.dialog.html
DA:1,0
DA:2,0
DA:3,0
DA:4,0
DA:5,0
DA:8,0
DA:9,0
DA:10,0
DA:11,0
DA:12,0
DA:13,0
DA:15,0
DA:18,0
DA:19,0
DA:20,0
DA:21,0
DA:22,0
DA:25,0
DA:29,0
DA:30,0
DA:33,0
DA:34,0
DA:35,0
DA:36,0
DA:37,0
DA:41,0
DA:42,0
DA:43,0
DA:44,0
DA:46,0
DA:49,0
DA:54,0
DA:59,0
DA:64,0
DA:66,0
DA:67,0
DA:68,0
DA:69,0
DA:70,0
DA:71,0
DA:72,0
DA:73,0
DA:74,0
DA:75,0
DA:79,0
DA:81,0
DA:82,0
DA:83,0
DA:84,0
DA:85,0
DA:86,0
DA:87,0
DA:91,0
DA:94,0
DA:98,0
DA:101,0
DA:104,0
DA:105,0
DA:108,0
DA:109,0
DA:111,0
DA:113,0
DA:114,0
DA:115,0
DA:116,0
DA:117,0
DA:118,0
DA:119,0
BRDA:1,0,0,0
BRDA:1,0,1,0
BRDA:2,1,0,0
BRDA:2,1,1,0
BRDA:46,2,0,0
BRDA:46,2,1,0
BRDA:91,3,0,0
BRDA:91,3,1,0
BRDA:98,4,0,0
BRDA:98,4,1,0
BRDA:104,5,0,0
BRDA:104,5,1,0
BRDA:108,6,0,0
BRDA:108,6,1,0
end_of_record
SF:src\app\tasks\dialogs\task\task.dialog.ts
DA:32,19
DA:33,19
DA:34,19
DA:51,19
DA:53,0
DA:56,0
DA:58,0
DA:62,0
DA:67,0
DA:68,0
DA:69,0
DA:70,0
DA:72,0
DA:74,0
DA:93,0
DA:95,0
DA:98,0
DA:101,0
DA:104,0
DA:105,0
DA:106,0
DA:107,0
DA:108,0
DA:109,0
DA:110,0
DA:111,0
DA:112,0
DA:113,0
DA:117,0
DA:119,0
DA:121,0
DA:126,0
DA:128,0
DA:132,0
DA:134,0
DA:136,0
DA:137,0
DA:138,0
DA:141,0
DA:145,0
DA:146,0
DA:148,0
DA:152,0
DA:153,0
DA:157,0
DA:160,0
DA:165,0
DA:167,0
DA:169,0
DA:170,0
DA:173,0
DA:175,0
DA:176,0
DA:177,0
DA:181,0
DA:182,0
DA:184,0
DA:188,0
DA:193,0
DA:194,0
DA:196,0
DA:197,0
DA:198,0
DA:204,0
DA:205,0
DA:210,0
DA:35,36
BRDA:32,0,0,19
BRDA:32,0,1,19
BRDA:53,1,0,0
BRDA:53,1,1,0
BRDA:53,2,0,0
BRDA:53,2,1,0
BRDA:59,3,0,0
BRDA:59,3,1,0
BRDA:59,4,0,0
BRDA:59,4,1,0
BRDA:59,5,0,0
BRDA:59,5,1,0
BRDA:59,6,0,0
BRDA:59,6,1,0
BRDA:60,7,0,0
BRDA:60,7,1,0
BRDA:60,8,0,0
BRDA:60,8,1,0
BRDA:119,9,0,0
BRDA:126,10,0,0
BRDA:128,11,0,0
BRDA:128,11,1,0
BRDA:128,12,0,0
BRDA:128,12,1,0
BRDA:132,13,0,0
BRDA:141,14,0,0
BRDA:141,14,1,0
BRDA:141,15,0,0
BRDA:141,15,1,0
BRDA:145,16,0,0
BRDA:145,16,1,0
BRDA:145,17,0,0
BRDA:145,17,1,0
BRDA:152,18,0,0
BRDA:152,19,0,0
BRDA:152,19,1,0
BRDA:165,20,0,0
BRDA:173,21,0,0
BRDA:173,21,1,0
BRDA:173,22,0,0
BRDA:173,22,1,0
BRDA:175,23,0,0
BRDA:176,24,0,0
BRDA:196,25,0,0
BRDA:204,26,0,0
BRDA:119,9,1,0
BRDA:126,10,1,0
BRDA:132,13,1,0
BRDA:152,18,1,0
BRDA:165,20,1,0
BRDA:175,23,1,0
BRDA:176,24,1,0
BRDA:196,25,1,0
BRDA:204,26,1,0
BRDA:51,27,0,0
BRDA:51,27,1,0
BRDA:51,28,0,0
BRDA:51,28,1,0
end_of_record
SF:src\app\tasks\enums\sprint-status.enum.ts
DA:1,19
DA:2,19
DA:3,19
DA:4,19
DA:5,36
BRDA:1,0,0,19
BRDA:1,0,1,19
end_of_record
SF:src\app\tasks\enums\task-priority.enum.ts
DA:1,19
DA:2,19
DA:3,19
DA:4,19
DA:5,19
DA:6,19
DA:7,36
BRDA:1,0,0,19
BRDA:1,0,1,19
end_of_record
SF:src\app\tasks\enums\task-type.enum.ts
DA:1,19
DA:2,19
DA:3,19
DA:4,19
DA:5,19
DA:6,19
DA:7,19
DA:10,19
DA:8,36
BRDA:1,0,0,19
BRDA:1,0,1,19
end_of_record
SF:src\app\tasks\filters\task.filters.ts
DA:9,0
DA:15,0
DA:24,0
DA:30,0
DA:39,0
DA:45,0
DA:46,0
DA:48,0
DA:55,0
DA:61,0
DA:68,0
DA:74,0
DA:81,0
DA:88,0
BRDA:28,0,0,0
BRDA:28,0,1,0
BRDA:43,1,0,0
BRDA:43,1,1,0
BRDA:45,2,0,0
BRDA:45,2,1,0
end_of_record
SF:src\app\tasks\guard\active-sprint.guard.ts
end_of_record
SF:src\app\tasks\interfaces\schedule.interface.ts
end_of_record
SF:src\app\tasks\interfaces\sprint.interface.ts
end_of_record
SF:src\app\tasks\interfaces\status.interface.ts
end_of_record
SF:src\app\tasks\interfaces\task.interface.ts
end_of_record
SF:src\app\tasks\interfaces\time-track.interface.ts
end_of_record
SF:src\app\tasks\pages\backlog\backlog.page.html
DA:1,0
DA:4,0
DA:6,0
DA:7,0
DA:8,0
DA:9,0
DA:10,0
DA:12,0
DA:13,0
DA:14,0
DA:16,0
DA:17,0
DA:19,0
DA:20,0
DA:25,0
DA:26,0
DA:27,0
DA:28,0
DA:29,0
DA:30,0
DA:32,0
DA:34,0
DA:36,0
DA:37,0
DA:38,0
DA:39,0
DA:40,0
DA:41,0
DA:42,0
DA:43,0
DA:44,0
DA:45,0
DA:47,0
DA:48,0
DA:49,0
DA:51,0
DA:52,0
DA:57,0
DA:58,0
DA:59,0
DA:60,0
DA:61,0
DA:62,0
DA:64,0
DA:66,0
DA:67,0
DA:68,0
DA:70,0
BRDA:30,0,0,0
BRDA:30,0,1,0
BRDA:37,1,0,0
BRDA:37,1,1,0
BRDA:40,2,0,0
BRDA:40,2,1,0
BRDA:62,3,0,0
BRDA:62,3,1,0
BRDA:68,4,0,0
BRDA:68,4,1,0
BRDA:68,5,0,0
BRDA:68,5,1,0
end_of_record
SF:src\app\tasks\pages\backlog\backlog.page.ts
DA:28,16
DA:30,0
DA:32,0
DA:33,0
DA:34,0
DA:35,0
DA:36,0
DA:38,0
DA:39,0
DA:42,0
DA:43,0
DA:44,0
DA:45,0
DA:46,0
DA:47,0
DA:48,0
DA:52,0
DA:53,0
DA:55,0
DA:56,0
DA:57,0
DA:58,0
DA:60,0
DA:64,0
DA:69,0
DA:70,0
DA:71,0
DA:72,0
DA:76,0
DA:84,0
DA:85,0
DA:86,0
DA:91,0
DA:98,0
DA:102,0
DA:103,0
DA:108,0
DA:109,0
DA:114,0
DA:115,0
DA:120,0
DA:121,0
DA:126,0
DA:127,0
BRDA:70,0,0,0
BRDA:70,0,1,0
BRDA:28,1,0,0
BRDA:28,1,1,0
BRDA:28,2,0,0
BRDA:28,2,1,0
end_of_record
SF:src\app\tasks\pages\schedule\schedule.page.ts
DA:15,1
DA:19,1
DA:20,1
DA:21,1
DA:24,4
DA:26,4
DA:28,4
DA:29,84
DA:36,4
DA:40,1
DA:41,1
DA:42,1
DA:44,1
DA:46,1
DA:47,1
end_of_record
SF:src\app\tasks\pages\sprint\sprint.page.html
DA:1,30
DA:3,60
DA:4,0
DA:5,0
DA:6,1
DA:7,0
DA:8,0
DA:9,0
DA:11,0
DA:12,0
DA:13,1
DA:15,0
DA:16,1
DA:18,0
DA:19,1
DA:24,0
DA:25,0
DA:27,0
DA:28,0
DA:29,0
DA:31,0
DA:32,0
DA:33,60
DA:34,1
DA:35,0
BRDA:25,0,0,0
BRDA:25,0,1,0
BRDA:25,1,0,0
BRDA:25,1,1,0
BRDA:29,2,0,0
BRDA:29,2,1,0
BRDA:29,3,0,0
BRDA:29,3,1,0
end_of_record
SF:src\app\tasks\pages\sprint\sprint.page.ts
DA:27,16
DA:29,1
DA:30,1
DA:31,1
DA:33,1
DA:34,1
DA:35,1
DA:36,1
DA:37,1
DA:39,1
DA:40,1
DA:43,1
DA:44,1
DA:45,1
DA:46,1
DA:47,1
DA:48,1
DA:49,1
DA:53,1
DA:54,1
DA:57,1
DA:58,1
DA:60,1
DA:61,1
DA:62,1
DA:64,1
DA:67,1
DA:68,0
DA:69,0
DA:73,1
DA:74,1
DA:79,2
DA:80,2
DA:81,2
DA:82,0
DA:86,0
DA:90,0
DA:99,0
DA:105,0
DA:110,0
DA:111,0
DA:116,0
DA:117,0
DA:122,0
DA:123,0
DA:128,0
DA:129,0
BRDA:54,0,0,0
BRDA:68,1,0,0
BRDA:81,2,0,0
BRDA:54,0,1,1
BRDA:68,1,1,0
BRDA:81,2,1,2
BRDA:27,3,0,1
BRDA:27,3,1,1
BRDA:27,4,0,1
BRDA:27,4,1,1
end_of_record
SF:src\app\tasks\pages\task-list\task-list.page.ts
DA:30,1
DA:32,1
DA:35,1
DA:38,1
DA:41,1
DA:44,1
DA:53,1
DA:55,1
DA:56,1
DA:59,1
DA:60,1
DA:61,1
DA:62,1
DA:63,1
DA:64,1
DA:65,1
DA:67,1
DA:69,1
DA:71,1
DA:72,0
DA:73,0
DA:74,0
DA:78,1
DA:79,1
DA:80,1
DA:81,1
DA:83,1
DA:84,0
DA:87,1
DA:88,0
BRDA:71,0,0,0
BRDA:72,1,0,0
BRDA:72,1,1,0
BRDA:74,2,0,0
end_of_record
SF:src\app\tasks\pages\task\task.page.html
DA:1,0
DA:3,0
DA:5,0
DA:6,0
DA:7,0
DA:10,0
DA:13,0
DA:15,0
DA:19,0
DA:20,0
DA:21,0
DA:22,0
DA:23,0
DA:25,0
DA:26,0
DA:27,0
DA:30,0
DA:33,0
DA:34,0
DA:35,0
DA:36,0
DA:37,0
DA:39,0
DA:40,0
DA:41,0
DA:45,0
DA:47,0
DA:48,0
DA:49,0
DA:51,0
DA:53,0
DA:54,0
DA:55,0
DA:56,0
DA:57,0
DA:58,0
DA:59,0
DA:60,0
DA:61,0
DA:62,0
DA:63,0
DA:65,0
DA:67,0
DA:68,0
DA:70,0
DA:72,0
DA:74,0
DA:77,0
DA:78,0
DA:79,0
DA:80,0
DA:81,0
DA:83,0
DA:84,0
DA:85,0
DA:86,0
DA:87,0
DA:88,0
DA:91,0
DA:93,0
DA:96,0
DA:97,0
DA:98,0
DA:99,0
DA:100,0
DA:102,0
DA:103,0
DA:104,0
BRDA:40,0,0,0
BRDA:40,0,1,0
BRDA:41,1,0,0
BRDA:41,1,1,0
BRDA:49,2,0,0
BRDA:49,2,1,0
BRDA:60,3,0,0
BRDA:60,3,1,0
end_of_record
SF:src\app\tasks\pages\task\task.page.ts
DA:21,31
DA:22,0
DA:23,0
DA:24,0
DA:25,0
DA:27,0
DA:28,0
DA:30,0
DA:31,0
DA:34,0
DA:37,0
DA:40,0
DA:41,0
DA:42,0
DA:43,0
DA:44,0
DA:45,0
DA:47,0
DA:48,0
DA:50,0
DA:51,0
DA:52,0
DA:57,0
DA:58,0
DA:60,0
DA:64,0
DA:66,0
DA:67,0
DA:69,0
DA:70,0
DA:74,0
DA:83,0
DA:84,0
DA:85,0
DA:91,0
DA:92,0
DA:93,0
BRDA:60,0,0,0
BRDA:60,0,1,0
BRDA:66,1,0,0
BRDA:69,2,0,0
BRDA:69,3,0,0
BRDA:69,3,1,0
BRDA:69,4,0,0
BRDA:69,4,1,0
BRDA:74,5,0,0
BRDA:74,5,1,0
BRDA:74,6,0,0
BRDA:74,6,1,0
BRDA:66,1,1,0
BRDA:69,2,1,0
BRDA:21,7,0,0
BRDA:21,7,1,0
BRDA:21,8,0,0
BRDA:21,8,1,0
end_of_record
SF:src\app\tasks\pipes\member-color\member-color.pipe.ts
DA:9,31
DA:11,0
DA:12,0
DA:13,0
DA:15,0
BRDA:11,0,0,0
BRDA:12,1,0,0
BRDA:12,1,1,0
BRDA:11,0,1,0
BRDA:9,2,0,0
BRDA:9,2,1,0
end_of_record
SF:src\app\tasks\pipes\status-color.pipe.ts
DA:8,31
DA:10,0
BRDA:8,0,0,0
BRDA:8,0,1,0
end_of_record
SF:src\app\tasks\pipes\task-priority-icon.pipe.ts
DA:6,31
DA:8,0
DA:10,0
DA:12,0
DA:14,0
DA:16,0
DA:18,0
BRDA:8,0,0,0
BRDA:8,0,1,0
BRDA:8,0,2,0
BRDA:8,0,3,0
BRDA:8,0,4,0
BRDA:6,1,0,0
BRDA:6,1,1,0
end_of_record
SF:src\app\tasks\pipes\task-priority.pipe.ts
DA:6,31
DA:8,0
DA:10,0
DA:12,0
DA:14,0
DA:16,0
DA:18,0
BRDA:8,0,0,0
BRDA:8,0,1,0
BRDA:8,0,2,0
BRDA:8,0,3,0
BRDA:8,0,4,0
BRDA:6,1,0,0
BRDA:6,1,1,0
end_of_record
SF:src\app\tasks\pipes\task-type-icon.pipe.ts
DA:6,31
DA:11,0
DA:13,0
DA:15,0
DA:17,0
DA:19,0
DA:21,0
BRDA:11,0,0,0
BRDA:11,0,1,0
BRDA:11,0,2,0
BRDA:11,0,3,0
BRDA:11,0,4,0
BRDA:6,1,0,0
BRDA:6,1,1,0
end_of_record
SF:src\app\tasks\pipes\task-type.pipe.ts
DA:8,31
DA:13,0
DA:16,0
DA:24,0
DA:32,0
DA:40,0
DA:48,0
DA:56,0
DA:57,0
BRDA:12,0,0,0
BRDA:13,1,0,0
BRDA:13,1,1,0
BRDA:13,1,2,0
BRDA:13,1,3,0
BRDA:13,1,4,0
BRDA:13,1,5,0
BRDA:8,2,0,0
BRDA:8,2,1,0
end_of_record
SF:src\app\tasks\pipes\task\task.pipe.ts
DA:7,1
DA:8,0
DA:11,0
DA:13,0
BRDA:11,0,0,0
BRDA:11,1,0,0
BRDA:11,1,1,0
end_of_record
SF:src\app\tasks\pipes\time-track-duration\time-track-duration.pipe.ts
DA:9,31
DA:10,0
DA:13,0
DA:15,0
DA:16,0
DA:18,0
DA:20,0
BRDA:13,0,0,0
BRDA:16,1,0,0
BRDA:16,1,1,0
BRDA:13,0,1,0
BRDA:9,2,0,0
BRDA:9,2,1,0
end_of_record
SF:src\app\tasks\pipes\time-track-timer\time-track-timer.pipe.ts
DA:6,31
DA:8,0
DA:9,0
DA:10,0
DA:12,0
BRDA:6,0,0,0
BRDA:6,0,1,0
end_of_record
SF:src\app\tasks\pipes\time-tracks-total\time-tracks-total.pipe.ts
DA:7,31
DA:9,0
DA:11,0
DA:12,0
DA:15,0
DA:16,0
DA:18,0
DA:19,0
DA:21,0
BRDA:8,0,0,0
BRDA:9,1,0,0
BRDA:9,2,0,0
BRDA:9,2,1,0
BRDA:12,3,0,0
BRDA:12,3,1,0
BRDA:15,4,0,0
BRDA:15,4,1,0
BRDA:9,1,1,0
BRDA:7,5,0,0
BRDA:7,5,1,0
end_of_record
SF:src\app\tasks\services\sprint.service.ts
DA:18,37
DA:19,3
DA:30,3
DA:40,0
DA:50,0
DA:60,0
DA:70,0
DA:80,0
DA:81,0
DA:96,0
DA:97,0
DA:99,0
DA:106,0
DA:116,0
DA:117,0
DA:118,0
DA:121,0
DA:128,0
DA:138,0
DA:139,0
DA:140,0
DA:143,0
DA:150,0
DA:160,0
DA:161,0
DA:163,0
DA:174,0
DA:187,0
DA:188,0
DA:190,0
DA:197,3
DA:198,2
BRDA:96,0,0,0
BRDA:96,0,1,0
BRDA:116,1,0,0
BRDA:116,1,1,0
BRDA:138,2,0,0
BRDA:138,2,1,0
BRDA:160,3,0,0
BRDA:160,3,1,0
BRDA:187,4,0,0
BRDA:187,4,1,0
BRDA:18,5,0,1
BRDA:18,5,1,1
end_of_record
SF:src\app\tasks\services\status\status.service.ts
DA:17,4
DA:25,6
DA:41,6
DA:42,6
DA:43,6
DA:44,6
DA:46,6
DA:55,19
DA:56,3
DA:70,19
DA:71,0
DA:85,0
DA:100,0
DA:115,0
DA:124,2
DA:135,0
DA:137,0
DA:138,0
DA:140,0
DA:149,0
DA:151,0
DA:152,0
DA:157,0
DA:158,0
DA:159,0
DA:161,0
DA:163,0
DA:165,0
DA:166,0
DA:167,0
DA:169,0
DA:173,0
DA:174,0
DA:185,0
DA:200,0
BRDA:158,0,0,0
BRDA:158,0,1,0
BRDA:158,1,0,0
BRDA:158,1,1,0
BRDA:158,2,0,0
BRDA:158,2,1,0
BRDA:161,3,0,0
BRDA:161,3,1,0
BRDA:161,4,0,0
BRDA:161,4,1,0
BRDA:161,5,0,0
BRDA:161,5,1,0
BRDA:166,6,0,0
BRDA:166,6,1,0
BRDA:17,7,0,3
BRDA:17,7,1,3
end_of_record
SF:src\app\tasks\services\task\task.proto.service.ts
DA:8,31
DA:9,1
DA:14,1
DA:19,1
DA:24,1
DA:26,1
BRDA:8,0,0,1
BRDA:8,0,1,1
end_of_record
SF:src\app\tasks\services\task\task.service.ts
DA:36,19
DA:39,29
DA:52,29
DA:53,29
DA:54,29
DA:55,29
DA:56,29
DA:58,29
DA:70,2
DA:86,0
DA:87,0
DA:89,0
DA:97,0
DA:98,0
DA:100,0
DA:114,0
DA:120,0
DA:126,0
DA:140,0
DA:146,0
DA:158,0
DA:172,0
DA:182,0
DA:183,0
DA:185,0
DA:198,0
DA:213,0
DA:214,0
DA:216,0
DA:227,0
DA:240,0
DA:241,0
DA:243,0
DA:256,0
DA:274,0
DA:275,0
DA:277,0
DA:289,1
DA:294,0
DA:296,0
DA:297,0
DA:300,0
DA:301,0
DA:303,0
DA:305,0
DA:306,0
DA:308,0
DA:310,0
DA:314,0
DA:327,0
DA:338,0
DA:347,0
DA:348,0
DA:349,0
DA:350,0
DA:352,0
DA:354,0
DA:365,0
DA:366,0
BRDA:182,0,0,0
BRDA:182,0,1,0
BRDA:213,1,0,0
BRDA:213,1,1,0
BRDA:240,2,0,0
BRDA:240,2,1,0
BRDA:274,3,0,0
BRDA:274,3,1,0
BRDA:303,4,0,0
BRDA:305,5,0,0
BRDA:305,5,1,0
BRDA:308,6,0,0
BRDA:348,7,0,0
BRDA:348,7,1,0
BRDA:303,4,1,0
BRDA:308,6,1,0
BRDA:36,8,0,18
BRDA:36,8,1,18
end_of_record
SF:src\app\tasks\services\tracker\tracker.service.ts
DA:11,31
DA:12,0
DA:21,0
DA:32,0
DA:43,0
DA:56,0
DA:67,0
DA:71,0
DA:81,0
DA:82,0
BRDA:81,0,0,0
BRDA:81,0,1,0
BRDA:11,1,0,0
BRDA:11,1,1,0
end_of_record
SF:src\app\tasks\tasks.module.ts
DA:77,31
DA:44,15
BRDA:77,0,0,16
BRDA:77,0,1,16
end_of_record
SF:src\app\tasks\tasks.routing.ts
DA:10,16
DA:40,0
DA:44,0
DA:55,31
BRDA:55,0,0,16
BRDA:55,0,1,16
end_of_record
SF:src\environments\environment.dev.ts
end_of_record
SF:src\environments\environment.prod.ts
end_of_record
SF:src\environments\environment.ts
DA:10,19
end_of_record
SF:src\main.ts
DA:7,18
DA:8,0
DA:11,18
DA:12,0
DA:13,0
DA:14,0
DA:15,0
DA:18,18
DA:21,18
DA:23,0
BRDA:7,0,0,0
BRDA:7,0,1,18
BRDA:11,1,0,0
BRDA:11,1,1,18
BRDA:11,2,0,18
BRDA:11,2,1,0
end_of_record
SF:src\polyfills.ts
DA:68,19
DA:69,19
DA:70,19
DA:71,19
DA:72,19
DA:73,19
DA:75,19
DA:76,19
BRDA:75,0,0,19
BRDA:75,0,1,0
end_of_record
SF:src\stories\helpers\arg-type.helper.ts
end_of_record
SF:src\stories\helpers\classes\form-control-story-page-config.class.ts
end_of_record
SF:src\stories\helpers\classes\story-page-config.class.ts
end_of_record
SF:src\stories\helpers\classes\story-template.class.ts
end_of_record
SF:src\stories\helpers\classes\story.class.ts
end_of_record
SF:src\stories\helpers\component-content-decorator.helper.ts
end_of_record
SF:src\stories\helpers\control-type.helper.ts
end_of_record
SF:src\stories\helpers\functions\component-template-decorator.function.ts
end_of_record
SF:src\stories\helpers\functions\get-all-properties.function.ts
end_of_record
SF:src\tests\helpers\mat-dialog-testing-provider.helper.ts
end_of_record
SF:src\tests\helpers\ng-control-testing-provider.helper.ts
DA:5,0
DA:7,0
DA:10,0
end_of_record
SF:src\tests\helpers\validator-testing.helper.ts
end_of_record
SF:src\tests\test.ts
end_of_record
